[     326ms] [ERROR] Attestation check for Protected Audience on https://fastlane.rubiconproject.com failed. @ https://u.gg/lol/champions/darius/counter?enemy=teemo&role=top:0
[     326ms] [ERROR] Attestation check for Protected Audience on https://g2.gumgum.com failed. @ https://u.gg/lol/champions/darius/counter?enemy=teemo&role=top:0
[     967ms] [WARNING] Warning: fragment with name fragLoginState already exists.
graphql-tag enforces all fragment names across your application to be unique; read more about
this in the docs: http://dev.apollodata.com/core/fragments.html#unique-names @ https://static.bigbrain.gg/lol/static/js/6344.4b1b2909269905485a15.js:5
[    1154ms] Uncaught Error: Minified React error #418; visit https://reactjs.org/docs/error-decoder.html?invariant=418 for the full message or use the non-minified dev environment for full errors and additional helpful warnings.
    at iv (https://static.bigbrain.gg/lol/static/js/6344.4b1b2909269905485a15.js:29:46475)
    at l (https://static.bigbrain.gg/lol/static/js/6344.4b1b2909269905485a15.js:29:121121)
    at sj (https://static.bigbrain.gg/lol/static/js/6344.4b1b2909269905485a15.js:29:99090)
    at <anonymous> (https://static.bigbrain.gg/lol/static/js/6344.4b1b2909269905485a15.js:29:98957)
    at sN (https://static.bigbrain.gg/lol/static/js/6344.4b1b2909269905485a15.js:29:98964)
    at sT (https://static.bigbrain.gg/lol/static/js/6344.4b1b2909269905485a15.js:29:94003)
    at k (https://static.bigbrain.gg/lol/static/js/6344.4b1b2909269905485a15.js:60:1363)
    at P (https://static.bigbrain.gg/lol/static/js/6344.4b1b2909269905485a15.js:60:1893)
[    1155ms] Uncaught Error: Minified React error #418; visit https://reactjs.org/docs/error-decoder.html?invariant=418 for the full message or use the non-minified dev environment for full errors and additional helpful warnings.
    at iv (https://static.bigbrain.gg/lol/static/js/6344.4b1b2909269905485a15.js:29:46475)
    at l (https://static.bigbrain.gg/lol/static/js/6344.4b1b2909269905485a15.js:29:121121)
    at sj (https://static.bigbrain.gg/lol/static/js/6344.4b1b2909269905485a15.js:29:99090)
    at <anonymous> (https://static.bigbrain.gg/lol/static/js/6344.4b1b2909269905485a15.js:29:98957)
    at sN (https://static.bigbrain.gg/lol/static/js/6344.4b1b2909269905485a15.js:29:98964)
    at sT (https://static.bigbrain.gg/lol/static/js/6344.4b1b2909269905485a15.js:29:94003)
    at k (https://static.bigbrain.gg/lol/static/js/6344.4b1b2909269905485a15.js:60:1363)
    at P (https://static.bigbrain.gg/lol/static/js/6344.4b1b2909269905485a15.js:60:1893)
[    1155ms] Uncaught Error: Minified React error #418; visit https://reactjs.org/docs/error-decoder.html?invariant=418 for the full message or use the non-minified dev environment for full errors and additional helpful warnings.
    at iv (https://static.bigbrain.gg/lol/static/js/6344.4b1b2909269905485a15.js:29:46475)
    at l (https://static.bigbrain.gg/lol/static/js/6344.4b1b2909269905485a15.js:29:121121)
    at sj (https://static.bigbrain.gg/lol/static/js/6344.4b1b2909269905485a15.js:29:99090)
    at <anonymous> (https://static.bigbrain.gg/lol/static/js/6344.4b1b2909269905485a15.js:29:98957)
    at sN (https://static.bigbrain.gg/lol/static/js/6344.4b1b2909269905485a15.js:29:98964)
    at sT (https://static.bigbrain.gg/lol/static/js/6344.4b1b2909269905485a15.js:29:94003)
    at k (https://static.bigbrain.gg/lol/static/js/6344.4b1b2909269905485a15.js:60:1363)
    at P (https://static.bigbrain.gg/lol/static/js/6344.4b1b2909269905485a15.js:60:1893)
[    1155ms] Uncaught Error: Minified React error #418; visit https://reactjs.org/docs/error-decoder.html?invariant=418 for the full message or use the non-minified dev environment for full errors and additional helpful warnings.
    at iv (https://static.bigbrain.gg/lol/static/js/6344.4b1b2909269905485a15.js:29:46475)
    at l (https://static.bigbrain.gg/lol/static/js/6344.4b1b2909269905485a15.js:29:121121)
    at sj (https://static.bigbrain.gg/lol/static/js/6344.4b1b2909269905485a15.js:29:99090)
    at <anonymous> (https://static.bigbrain.gg/lol/static/js/6344.4b1b2909269905485a15.js:29:98957)
    at sN (https://static.bigbrain.gg/lol/static/js/6344.4b1b2909269905485a15.js:29:98964)
    at sT (https://static.bigbrain.gg/lol/static/js/6344.4b1b2909269905485a15.js:29:94003)
    at k (https://static.bigbrain.gg/lol/static/js/6344.4b1b2909269905485a15.js:60:1363)
    at P (https://static.bigbrain.gg/lol/static/js/6344.4b1b2909269905485a15.js:60:1893)
[    1155ms] Uncaught Error: Minified React error #418; visit https://reactjs.org/docs/error-decoder.html?invariant=418 for the full message or use the non-minified dev environment for full errors and additional helpful warnings.
    at iv (https://static.bigbrain.gg/lol/static/js/6344.4b1b2909269905485a15.js:29:46475)
    at l (https://static.bigbrain.gg/lol/static/js/6344.4b1b2909269905485a15.js:29:121121)
    at sj (https://static.bigbrain.gg/lol/static/js/6344.4b1b2909269905485a15.js:29:99090)
    at <anonymous> (https://static.bigbrain.gg/lol/static/js/6344.4b1b2909269905485a15.js:29:98957)
    at sN (https://static.bigbrain.gg/lol/static/js/6344.4b1b2909269905485a15.js:29:98964)
    at sT (https://static.bigbrain.gg/lol/static/js/6344.4b1b2909269905485a15.js:29:94003)
    at k (https://static.bigbrain.gg/lol/static/js/6344.4b1b2909269905485a15.js:60:1363)
    at P (https://static.bigbrain.gg/lol/static/js/6344.4b1b2909269905485a15.js:60:1893)
[    1156ms] Uncaught Error: Minified React error #418; visit https://reactjs.org/docs/error-decoder.html?invariant=418 for the full message or use the non-minified dev environment for full errors and additional helpful warnings.
    at iv (https://static.bigbrain.gg/lol/static/js/6344.4b1b2909269905485a15.js:29:46475)
    at l (https://static.bigbrain.gg/lol/static/js/6344.4b1b2909269905485a15.js:29:121121)
    at sj (https://static.bigbrain.gg/lol/static/js/6344.4b1b2909269905485a15.js:29:99090)
    at <anonymous> (https://static.bigbrain.gg/lol/static/js/6344.4b1b2909269905485a15.js:29:98957)
    at sN (https://static.bigbrain.gg/lol/static/js/6344.4b1b2909269905485a15.js:29:98964)
    at sT (https://static.bigbrain.gg/lol/static/js/6344.4b1b2909269905485a15.js:29:94003)
    at k (https://static.bigbrain.gg/lol/static/js/6344.4b1b2909269905485a15.js:60:1363)
    at P (https://static.bigbrain.gg/lol/static/js/6344.4b1b2909269905485a15.js:60:1893)
[    1156ms] Uncaught Error: Minified React error #418; visit https://reactjs.org/docs/error-decoder.html?invariant=418 for the full message or use the non-minified dev environment for full errors and additional helpful warnings.
    at iv (https://static.bigbrain.gg/lol/static/js/6344.4b1b2909269905485a15.js:29:46475)
    at l (https://static.bigbrain.gg/lol/static/js/6344.4b1b2909269905485a15.js:29:121121)
    at sj (https://static.bigbrain.gg/lol/static/js/6344.4b1b2909269905485a15.js:29:99090)
    at <anonymous> (https://static.bigbrain.gg/lol/static/js/6344.4b1b2909269905485a15.js:29:98957)
    at sN (https://static.bigbrain.gg/lol/static/js/6344.4b1b2909269905485a15.js:29:98964)
    at sT (https://static.bigbrain.gg/lol/static/js/6344.4b1b2909269905485a15.js:29:94003)
    at k (https://static.bigbrain.gg/lol/static/js/6344.4b1b2909269905485a15.js:60:1363)
    at P (https://static.bigbrain.gg/lol/static/js/6344.4b1b2909269905485a15.js:60:1893)
[    1156ms] Uncaught Error: Minified React error #423; visit https://reactjs.org/docs/error-decoder.html?invariant=423 for the full message or use the non-minified dev environment for full errors and additional helpful warnings.
    at l (https://static.bigbrain.gg/lol/static/js/6344.4b1b2909269905485a15.js:29:120790)
    at sj (https://static.bigbrain.gg/lol/static/js/6344.4b1b2909269905485a15.js:29:99090)
    at <anonymous> (https://static.bigbrain.gg/lol/static/js/6344.4b1b2909269905485a15.js:29:98957)
    at sN (https://static.bigbrain.gg/lol/static/js/6344.4b1b2909269905485a15.js:29:98964)
    at s_ (https://static.bigbrain.gg/lol/static/js/6344.4b1b2909269905485a15.js:29:95716)
    at sT (https://static.bigbrain.gg/lol/static/js/6344.4b1b2909269905485a15.js:29:94271)
    at k (https://static.bigbrain.gg/lol/static/js/6344.4b1b2909269905485a15.js:60:1363)
    at P (https://static.bigbrain.gg/lol/static/js/6344.4b1b2909269905485a15.js:60:1893)
[    1379ms] Uncaught ReferenceError: __tcfapi is not defined
    at initEGTPS (https://cdn.intergient.com/1025268/74956/ramp.js:0:998)
[    1695ms] [WARNING] [GPT] Using deprecated googletag.encryptedSignalProviders. Please use googletag.secureSignalProviders instead.
https://goo.gle/gpt-message#155 @ https://securepubads.g.doubleclick.net/pagead/managed/js/gpt/m202603230101/pubads_impl.js?cb=31097408:18
[    1949ms] [ERROR] Attestation check for Protected Audience on https://tlx.3lift.com failed. @ https://u.gg/lol/champions/darius/build?role=top:0
[    1949ms] [ERROR] Attestation check for Protected Audience on https://exchange.cootlogix.com failed. @ https://u.gg/lol/champions/darius/build?role=top:0
[    1949ms] [ERROR] Attestation check for Protected Audience on https://exchange.cootlogix.com failed. @ https://u.gg/lol/champions/darius/build?role=top:0
[    1949ms] [ERROR] Attestation check for Protected Audience on https://exchange.cootlogix.com failed. @ https://u.gg/lol/champions/darius/build?role=top:0
[    1949ms] [ERROR] Attestation check for Protected Audience on https://exchange.cootlogix.com failed. @ https://u.gg/lol/champions/darius/build?role=top:0
[    1949ms] [ERROR] Attestation check for Protected Audience on https://rtb.openx.net failed. @ https://u.gg/lol/champions/darius/build?role=top:0
[    1949ms] [ERROR] Attestation check for Protected Audience on https://fastlane.rubiconproject.com failed. @ https://u.gg/lol/champions/darius/build?role=top:0
[    1949ms] [ERROR] Attestation check for Protected Audience on https://fastlane.rubiconproject.com failed. @ https://u.gg/lol/champions/darius/build?role=top:0
[    1950ms] [ERROR] Attestation check for Protected Audience on https://fastlane.rubiconproject.com failed. @ https://u.gg/lol/champions/darius/build?role=top:0
[    1950ms] [ERROR] Attestation check for Protected Audience on https://fastlane.rubiconproject.com failed. @ https://u.gg/lol/champions/darius/build?role=top:0
[    1950ms] [ERROR] Attestation check for Protected Audience on https://fastlane.rubiconproject.com failed. @ https://u.gg/lol/champions/darius/build?role=top:0
[    1950ms] [ERROR] Attestation check for Protected Audience on https://g2.gumgum.com failed. @ https://u.gg/lol/champions/darius/build?role=top:0
[    1950ms] [ERROR] Attestation check for Protected Audience on https://g2.gumgum.com failed. @ https://u.gg/lol/champions/darius/build?role=top:0
[    1950ms] [ERROR] Attestation check for Protected Audience on https://btlr.sharethrough.com failed. @ https://u.gg/lol/champions/darius/build?role=top:0
[    1950ms] [ERROR] Attestation check for Protected Audience on https://btlr.sharethrough.com failed. @ https://u.gg/lol/champions/darius/build?role=top:0
[    1950ms] [ERROR] Attestation check for Protected Audience on https://btlr.sharethrough.com failed. @ https://u.gg/lol/champions/darius/build?role=top:0
[    1950ms] [ERROR] Attestation check for Protected Audience on https://btlr.sharethrough.com failed. @ https://u.gg/lol/champions/darius/build?role=top:0
[    1950ms] [ERROR] Attestation check for Protected Audience on https://ib.adnxs.com failed. @ https://u.gg/lol/champions/darius/build?role=top:0
[    1951ms] [ERROR] Attestation check for Protected Audience on https://hb.yellowblue.io failed. @ https://u.gg/lol/champions/darius/build?role=top:0
[    1951ms] [ERROR] Attestation check for Protected Audience on https://htlb.casalemedia.com failed. @ https://u.gg/lol/champions/darius/build?role=top:0
[    1951ms] [ERROR] Attestation check for Protected Audience on https://krk2.kargo.com failed. @ https://u.gg/lol/champions/darius/build?role=top:0
[    1951ms] [ERROR] Attestation check for Protected Audience on https://direct.adsrvr.org failed. @ https://u.gg/lol/champions/darius/build?role=top:0
[    1959ms] [ERROR] Attestation check for Protected Audience on https://hbopenbid.pubmatic.com failed. @ https://u.gg/lol/champions/darius/build?role=top:0
[    2014ms] [ERROR] This version of the RudderStack JavaScript SDK is deprecated and no longer maintained. While your events are still being tracked and delivered, we strongly recommend you to migrate to the latest version (v3) for enhanced features, security updates, and ongoing support. For more details, visit the migration guide: https://www.rudderstack.com/docs/sources/event-streams/sdks/rudderstack-javascript-sdk/migration-guide/. @ https://y2.allstar.gg/v1.1/internal.min.js:0
[    2271ms] [ERROR] Attestation check for Protected Audience on https://tlx.3lift.com failed. @ https://u.gg/lol/champions/darius/build?role=top:0
[    2272ms] [ERROR] Attestation check for Protected Audience on https://exchange.cootlogix.com failed. @ https://u.gg/lol/champions/darius/build?role=top:0
[    2272ms] [ERROR] Attestation check for Protected Audience on https://htlb.casalemedia.com failed. @ https://u.gg/lol/champions/darius/build?role=top:0
[    2272ms] [ERROR] Attestation check for Protected Audience on https://btlr.sharethrough.com failed. @ https://u.gg/lol/champions/darius/build?role=top:0
[    2272ms] [ERROR] Attestation check for Protected Audience on https://rtb.openx.net failed. @ https://u.gg/lol/champions/darius/build?role=top:0
[    2272ms] [ERROR] Attestation check for Protected Audience on https://hb.yellowblue.io failed. @ https://u.gg/lol/champions/darius/build?role=top:0
[    2272ms] [ERROR] Attestation check for Protected Audience on https://krk2.kargo.com failed. @ https://u.gg/lol/champions/darius/build?role=top:0
[    2272ms] [ERROR] Attestation check for Protected Audience on https://ib.adnxs.com failed. @ https://u.gg/lol/champions/darius/build?role=top:0
[    2272ms] [ERROR] Attestation check for Protected Audience on https://direct.adsrvr.org failed. @ https://u.gg/lol/champions/darius/build?role=top:0
[    2272ms] [ERROR] Attestation check for Protected Audience on https://prebid-server.rubiconproject.com failed. @ https://u.gg/lol/champions/darius/build?role=top:0
[    2276ms] [ERROR] Attestation check for Protected Audience on https://hbopenbid.pubmatic.com failed. @ https://u.gg/lol/champions/darius/build?role=top:0
[    2425ms] [ERROR] Mixed Content: The page at 'https://u.gg/lol/champions/darius/build?role=top' was loaded over HTTPS, but requested an insecure frame 'http://sync.pmbmonetize.live/psync?t=s&e=247&gdpr=&gdpr_consent=&us_privacy=&gpp=&gpp_sid=&cb=https%3A%2F%2Fcookies.nextmillmedia.com%2Fsetuid%3Fbidder%3Dadipolo%26nmuid%3D052d817a-30f3-46d3-baa7-093aa2254d5e%26gdpr%3D%26gdpr_consent%3D%26us_privacy%3D%26uid%3D%25USER_ID%25'. This request has been blocked; the content must be served over HTTPS. @ https://cookies.nextmillmedia.com/sync?gdpr=&gdpr_consent=&us_privacy=&redirect=https%3A%2F%2Fsync.cootlogix.com%2Fapi%2Fcookie%3FpartnerId%3Dnextmillmedia%26userId%3D%5BNMUID%5D%26gdpr%3D%26gdpr_consent%3D%26us_privacy%3D:40
[    2641ms] [ERROR] Failed to load resource: the server responded with a status of 404 (Not Found) @ https://us4.shb-sync.com/a760a5a7-e35e-49b8-9f5e-723455346741.gif?puid=f1d06266-a9e4-a171-d742-b2af914ab71c&gdpr=&gdpr_consent=ccpa=:0
[    2646ms] [WARNING] Warning: fragment with name PlayerUserFragment already exists.
graphql-tag enforces all fragment names across your application to be unique; read more about
this in the docs: http://dev.apollodata.com/core/fragments.html#unique-names @ https://www.allstar.gg/static/js/main.f7b6d590.js:1
[    2724ms] [WARNING] An error occurred! For more details, see the full error text at https://go.apollo.dev/c/err#%7B%22version%22%3A%223.14.0%22%2C%22message%22%3A78%2C%22args%22%3A%5B%22useLazyQuery%22%2C%22onCompleted%22%2C%22If%20your%20%60onCompleted%60%20callback%20sets%20local%20state%2C%20switch%20to%20use%20derived%20state%20using%20%60data%60%20returned%20from%20the%20hook%20instead.%20Use%20%60useEffect%60%20to%20perform%20side-effects%20as%20a%20result%20of%20updates%20to%20%60data%60.%22%5D%7D @ https://www.allstar.gg/static/js/main.f7b6d590.js:1
[    2726ms] [WARNING] An error occurred! For more details, see the full error text at https://go.apollo.dev/c/err#%7B%22version%22%3A%223.14.0%22%2C%22message%22%3A78%2C%22args%22%3A%5B%22useLazyQuery%22%2C%22onCompleted%22%2C%22If%20your%20%60onCompleted%60%20callback%20sets%20local%20state%2C%20switch%20to%20use%20derived%20state%20using%20%60data%60%20returned%20from%20the%20hook%20instead.%20Use%20%60useEffect%60%20to%20perform%20side-effects%20as%20a%20result%20of%20updates%20to%20%60data%60.%22%5D%7D @ https://www.allstar.gg/static/js/main.f7b6d590.js:1
[    2728ms] [WARNING] An error occurred! For more details, see the full error text at https://go.apollo.dev/c/err#%7B%22version%22%3A%223.14.0%22%2C%22message%22%3A78%2C%22args%22%3A%5B%22useLazyQuery%22%2C%22onCompleted%22%2C%22If%20your%20%60onCompleted%60%20callback%20sets%20local%20state%2C%20switch%20to%20use%20derived%20state%20using%20%60data%60%20returned%20from%20the%20hook%20instead.%20Use%20%60useEffect%60%20to%20perform%20side-effects%20as%20a%20result%20of%20updates%20to%20%60data%60.%22%5D%7D @ https://www.allstar.gg/static/js/main.f7b6d590.js:1
[    2728ms] [WARNING] An error occurred! For more details, see the full error text at https://go.apollo.dev/c/err#%7B%22version%22%3A%223.14.0%22%2C%22message%22%3A78%2C%22args%22%3A%5B%22useLazyQuery%22%2C%22onCompleted%22%2C%22If%20your%20%60onCompleted%60%20callback%20sets%20local%20state%2C%20switch%20to%20use%20derived%20state%20using%20%60data%60%20returned%20from%20the%20hook%20instead.%20Use%20%60useEffect%60%20to%20perform%20side-effects%20as%20a%20result%20of%20updates%20to%20%60data%60.%22%5D%7D @ https://www.allstar.gg/static/js/main.f7b6d590.js:1
[    2837ms] [ERROR] Failed to load resource: the server responded with a status of 404 (Not Found) @ https://us4.shb-sync.com/a760a5a7-e35e-49b8-9f5e-723455346741.gif?puid=f1d06266-a9e4-a171-d742-b2af914ab71c&gdpr=&gdpr_consent=ccpa=:0
[    2969ms] [WARNING] [Audigent] cannot find __gpp framework @ https://a.ad.gt/api/v1/u/matches/403?_it=amazon:0
[    3015ms] [ERROR] Failed to load resource: net::ERR_CONNECTION_RESET @ https://sync.colossusssp.com/pbs.gif?&redir=https%3A%2F%2Fsync.adkernel.com%2Fuser-sync%3Fzone%3D263117%26dsp%3D1061476%26t%3Dimage%26uid%3D%5BUID%5D:0
[    2425ms] [ERROR] Mixed Content: The page at 'https://u.gg/lol/champions/darius/build?role=top' was loaded over HTTPS, but requested an insecure frame 'http://sync.pmbmonetize.live/psync?t=s&e=247&gdpr=&gdpr_consent=&us_privacy=&gpp=&gpp_sid=&cb=https%3A%2F%2Fcookies.nextmillmedia.com%2Fsetuid%3Fbidder%3Dadipolo%26nmuid%3D052d817a-30f3-46d3-baa7-093aa2254d5e%26gdpr%3D%26gdpr_consent%3D%26us_privacy%3D%26uid%3D%25USER_ID%25'. This request has been blocked; the content must be served over HTTPS. @ https://cookies.nextmillmedia.com/sync?gdpr=&gdpr_consent=&us_privacy=&redirect=https%3A%2F%2Fsync.cootlogix.com%2Fapi%2Fcookie%3FpartnerId%3Dnextmillmedia%26userId%3D%5BNMUID%5D%26gdpr%3D%26gdpr_consent%3D%26us_privacy%3D:40
[    3092ms] [ERROR] Failed to load resource: the server responded with a status of 404 () @ https://sync.crwdcntrl.net/qmap?c=2700&tp=UNDR&gdpr=&gdpr_consent=&tpid=8esh6uygwd8qka3rpz0mzfyr5:0
[    3092ms] [ERROR] Failed to load resource: the server responded with a status of 404 () @ https://sync.crwdcntrl.net/qmap?c=2700&tp=UNDR&gdpr=&gdpr_consent=&tpid=8esh6uygwd8qka3rpz0mzfyr5:0
[    3326ms] [ERROR] Failed to load resource: net::ERR_NAME_NOT_RESOLVED @ https://usermatch.krxd.net/um/v2?partner=tapad:0
[    3501ms] [ERROR] Failed to load resource: the server responded with a status of 404 () @ https://sync.crwdcntrl.net/qmap?c=2700&tp=UNDR&gdpr=&gdpr_consent=&tpid=8esh6uygwd8qka3rpz0mzfyr5:0
[    3556ms] [ERROR] Failed to load resource: the server responded with a status of 400 () @ https://match.sharethrough.com/universal/v1?supply_id=xSHXgTZ9&gdpr=&gdpr_consent=&us_privacy=:0
[    2641ms] [ERROR] Failed to load resource: the server responded with a status of 404 (Not Found) @ https://us4.shb-sync.com/a760a5a7-e35e-49b8-9f5e-723455346741.gif?puid=f1d06266-a9e4-a171-d742-b2af914ab71c&gdpr=&gdpr_consent=ccpa=:0
[    2837ms] [ERROR] Failed to load resource: the server responded with a status of 404 (Not Found) @ https://us4.shb-sync.com/a760a5a7-e35e-49b8-9f5e-723455346741.gif?puid=f1d06266-a9e4-a171-d742-b2af914ab71c&gdpr=&gdpr_consent=ccpa=:0
[    3611ms] [ERROR] Failed to load resource: the server responded with a status of 404 () @ https://60d90b86afa0e242ee903484e8b36e0c.safeframe.googlesyndication.com/safeframe/1-0-45/html/mraid.js:0
[    2425ms] [ERROR] Mixed Content: The page at 'https://u.gg/lol/champions/darius/build?role=top' was loaded over HTTPS, but requested an insecure frame 'http://sync.pmbmonetize.live/psync?t=s&e=247&gdpr=&gdpr_consent=&us_privacy=&gpp=&gpp_sid=&cb=https%3A%2F%2Fcookies.nextmillmedia.com%2Fsetuid%3Fbidder%3Dadipolo%26nmuid%3D052d817a-30f3-46d3-baa7-093aa2254d5e%26gdpr%3D%26gdpr_consent%3D%26us_privacy%3D%26uid%3D%25USER_ID%25'. This request has been blocked; the content must be served over HTTPS. @ https://cookies.nextmillmedia.com/sync?gdpr=&gdpr_consent=&us_privacy=&redirect=https%3A%2F%2Fsync.cootlogix.com%2Fapi%2Fcookie%3FpartnerId%3Dnextmillmedia%26userId%3D%5BNMUID%5D%26gdpr%3D%26gdpr_consent%3D%26us_privacy%3D:40
[    3693ms] [ERROR] Failed to load resource: net::ERR_NAME_NOT_RESOLVED @ https://visitor-safari.omnitagjs.com/visitor/bsync?uid=d18a3e2f66cd92d3dd8b543f28c4a5cb&name=beop&url=https%3A%2F%2Fsync.adtech.ink%2Fpsync%3Ft%3Dd%26e%3D204%26u%3DPARTNER_USER_ID%26clp%3DaHR0cHM6Ly9zeW5jLmNvb3Rsb2dpeC5jb20vYXBpL2Nvb2tpZT9wYXJ0bmVySWQ9YWRpc29udHYmdXNlcklkPSVVU0VSX0lEJSZnZHByPTAmZ2Rwcl9jb25zZW50PSZ1c19wcml2YWN5PQ:0
[    3731ms] [ERROR] Failed to load resource: net::ERR_NAME_NOT_RESOLVED @ https://sync.omni-dex.io.com/api/cookie?partnerId=dexerto-minutemedia&gdpr=&gdpr_consent=&us_privacy=&userId=oJK-xBinkp_mm:0
[    3761ms] [ERROR] Failed to load resource: net::ERR_NAME_NOT_RESOLVED @ https://sync.omni-dex.io.com/api/cookie?partnerId=dexerto-kueez&gdpr=&gdpr_consent=&us_privacy=&userId=d081a6a3-65ba-cc6d-4905-1189252d05e4:0
[    3801ms] [WARNING] An error occurred! For more details, see the full error text at https://go.apollo.dev/c/err#%7B%22version%22%3A%223.14.0%22%2C%22message%22%3A78%2C%22args%22%3A%5B%22useLazyQuery%22%2C%22onCompleted%22%2C%22If%20your%20%60onCompleted%60%20callback%20sets%20local%20state%2C%20switch%20to%20use%20derived%20state%20using%20%60data%60%20returned%20from%20the%20hook%20instead.%20Use%20%60useEffect%60%20to%20perform%20side-effects%20as%20a%20result%20of%20updates%20to%20%60data%60.%22%5D%7D @ https://www.allstar.gg/static/js/main.f7b6d590.js:1
[    3802ms] [WARNING] An error occurred! For more details, see the full error text at https://go.apollo.dev/c/err#%7B%22version%22%3A%223.14.0%22%2C%22message%22%3A78%2C%22args%22%3A%5B%22useLazyQuery%22%2C%22onCompleted%22%2C%22If%20your%20%60onCompleted%60%20callback%20sets%20local%20state%2C%20switch%20to%20use%20derived%20state%20using%20%60data%60%20returned%20from%20the%20hook%20instead.%20Use%20%60useEffect%60%20to%20perform%20side-effects%20as%20a%20result%20of%20updates%20to%20%60data%60.%22%5D%7D @ https://www.allstar.gg/static/js/main.f7b6d590.js:1
[    3885ms] [WARNING] An error occurred! For more details, see the full error text at https://go.apollo.dev/c/err#%7B%22version%22%3A%223.14.0%22%2C%22message%22%3A78%2C%22args%22%3A%5B%22useQuery%22%2C%22onCompleted%22%2C%22If%20your%20%60onCompleted%60%20callback%20sets%20local%20state%2C%20switch%20to%20use%20derived%20state%20using%20%60data%60%20returned%20from%20the%20hook%20instead.%20Use%20%60useEffect%60%20to%20perform%20side-effects%20as%20a%20result%20of%20updates%20to%20%60data%60.%22%5D%7D @ https://www.allstar.gg/static/js/main.f7b6d590.js:1
[    3885ms] [WARNING] An error occurred! For more details, see the full error text at https://go.apollo.dev/c/err#%7B%22version%22%3A%223.14.0%22%2C%22message%22%3A78%2C%22args%22%3A%5B%22useQuery%22%2C%22onError%22%2C%22If%20your%20%60onError%60%20callback%20sets%20local%20state%2C%20switch%20to%20use%20derived%20state%20using%20%60data%60%2C%20%60error%60%20or%20%60errors%60%20returned%20from%20the%20hook%20instead.%20Use%20%60useEffect%60%20if%20you%20need%20to%20perform%20side-effects%20as%20a%20result%20of%20updates%20to%20%60data%60%2C%20%60error%60%20or%20%60errors%60.%22%5D%7D @ https://www.allstar.gg/static/js/main.f7b6d590.js:1
[    3965ms] [ERROR] Mixed Content: The page at 'https://u.gg/lol/champions/darius/build?role=top' was loaded over HTTPS, but requested an insecure frame 'http://sync.pmbmonetize.live/psync?t=s&e=247&gdpr=&gdpr_consent=&us_privacy=&gpp=&gpp_sid=&cb=https%3A%2F%2Fcookies.nextmillmedia.com%2Fsetuid%3Fbidder%3Dadipolo%26nmuid%3D052d817a-30f3-46d3-baa7-093aa2254d5e%26gdpr%3D%26gdpr_consent%3D%26us_privacy%3D%26uid%3D%25USER_ID%25'. This request has been blocked; the content must be served over HTTPS. @ https://cookies.nextmillmedia.com/sync?gdpr=&gdpr_consent=&us_privacy=&redirect=https%3A%2F%2Fsync.omni-dex.io%2Fapi%2Fcookie%3FpartnerId%3Ddexerto-nextmillenium%26userId%3D%5BNMUID%5D%26gdpr%3D%26gdpr_consent%3D%26us_privacy%3D:40
[    4180ms] [ERROR] Refused to execute script from 'https://60d90b86afa0e242ee903484e8b36e0c.safeframe.googlesyndication.com/safeframe/1-0-45/html/mraid.js' because its MIME type ('text/html') is not executable, and strict MIME type checking is enabled. @ https://60d90b86afa0e242ee903484e8b36e0c.safeframe.googlesyndication.com/safeframe/1-0-45/html/container.html:0
[    4183ms] [WARNING] [Audigent] cannot access to window.top: skip check and continue SecurityError: Failed to read a named property 'document' from 'Window': Blocked a frame with origin "https://allstar.gg" from accessing a cross-origin frame.
    at https://cdn.hadronid.net/hadron.js?url=https%3A%2F%2Fallstar.gg%2Fiframe%3Fplaylist%3D69c97744521f36a065f2f24f%26platform%3DU.GG%26layout%3DnextUp&ref=https%3A%2F%2Fu.gg%2F&_it=amazon&partner_id=403:1:57991
    at Module.<anonymous> (https://cdn.hadronid.net/hadron.js?url=https%3A%2F%2Fallstar.gg%2Fiframe%3Fplaylist%3D69c97744521f36a065f2f24f%26platform%3DU.GG%26layout%3DnextUp&ref=https%3A%2F%2Fu.gg%2F&_it=amazon&partner_id=403:1:59275)
    at n (https://cdn.hadronid.net/hadron.js?url=https%3A%2F%2Fallstar.gg%2Fiframe%3Fplaylist%3D69c97744521f36a065f2f24f%26platform%3DU.GG%26layout%3DnextUp&ref=https%3A%2F%2Fu.gg%2F&_it=amazon&partner_id=403:1:110)
    at https://cdn.hadronid.net/hadron.js?url=https%3A%2F%2Fallstar.gg%2Fiframe%3Fplaylist%3D69c97744521f36a065f2f24f%26platform%3DU.GG%26layout%3DnextUp&ref=https%3A%2F%2Fu.gg%2F&_it=amazon&partner_id=403:1:902
    at https://cdn.hadronid.net/hadron.js?url=https%3A%2F%2Fallstar.gg%2Fiframe%3Fplaylist%3D69c97744521f36a065f2f24f%26platform%3DU.GG%26layout%3DnextUp&ref=https%3A%2F%2Fu.gg%2F&_it=amazon&partner_id=403:1:911 @ https://cdn.hadronid.net/hadron.js?url=https%3A%2F%2Fallstar.gg%2Fiframe%3Fplaylist%3D69c97744521f36a065f2f24f%26platform%3DU.GG%26layout%3DnextUp&ref=https%3A%2F%2Fu.gg%2F&_it=amazon&partner_id=403:0
[    3556ms] [ERROR] Failed to load resource: the server responded with a status of 400 () @ https://match.sharethrough.com/universal/v1?supply_id=xSHXgTZ9&gdpr=&gdpr_consent=&us_privacy=:0
[    3326ms] [ERROR] Failed to load resource: net::ERR_NAME_NOT_RESOLVED @ https://usermatch.krxd.net/um/v2?partner=tapad:0
[    2641ms] [ERROR] Failed to load resource: the server responded with a status of 404 (Not Found) @ https://us4.shb-sync.com/a760a5a7-e35e-49b8-9f5e-723455346741.gif?puid=f1d06266-a9e4-a171-d742-b2af914ab71c&gdpr=&gdpr_consent=ccpa=:0
[    2837ms] [ERROR] Failed to load resource: the server responded with a status of 404 (Not Found) @ https://us4.shb-sync.com/a760a5a7-e35e-49b8-9f5e-723455346741.gif?puid=f1d06266-a9e4-a171-d742-b2af914ab71c&gdpr=&gdpr_consent=ccpa=:0
[    3693ms] [ERROR] Failed to load resource: net::ERR_NAME_NOT_RESOLVED @ https://visitor-safari.omnitagjs.com/visitor/bsync?uid=d18a3e2f66cd92d3dd8b543f28c4a5cb&name=beop&url=https%3A%2F%2Fsync.adtech.ink%2Fpsync%3Ft%3Dd%26e%3D204%26u%3DPARTNER_USER_ID%26clp%3DaHR0cHM6Ly9zeW5jLmNvb3Rsb2dpeC5jb20vYXBpL2Nvb2tpZT9wYXJ0bmVySWQ9YWRpc29udHYmdXNlcklkPSVVU0VSX0lEJSZnZHByPTAmZ2Rwcl9jb25zZW50PSZ1c19wcml2YWN5PQ:0
[    3326ms] [ERROR] Failed to load resource: net::ERR_NAME_NOT_RESOLVED @ https://usermatch.krxd.net/um/v2?partner=tapad:0
[    3326ms] [ERROR] Failed to load resource: net::ERR_NAME_NOT_RESOLVED @ https://usermatch.krxd.net/um/v2?partner=tapad:0
[    2641ms] [ERROR] Failed to load resource: the server responded with a status of 404 (Not Found) @ https://us4.shb-sync.com/a760a5a7-e35e-49b8-9f5e-723455346741.gif?puid=f1d06266-a9e4-a171-d742-b2af914ab71c&gdpr=&gdpr_consent=ccpa=:0
[    2837ms] [ERROR] Failed to load resource: the server responded with a status of 404 (Not Found) @ https://us4.shb-sync.com/a760a5a7-e35e-49b8-9f5e-723455346741.gif?puid=f1d06266-a9e4-a171-d742-b2af914ab71c&gdpr=&gdpr_consent=ccpa=:0
[    3693ms] [ERROR] Failed to load resource: net::ERR_NAME_NOT_RESOLVED @ https://visitor-safari.omnitagjs.com/visitor/bsync?uid=d18a3e2f66cd92d3dd8b543f28c4a5cb&name=beop&url=https%3A%2F%2Fsync.adtech.ink%2Fpsync%3Ft%3Dd%26e%3D204%26u%3DPARTNER_USER_ID%26clp%3DaHR0cHM6Ly9zeW5jLmNvb3Rsb2dpeC5jb20vYXBpL2Nvb2tpZT9wYXJ0bmVySWQ9YWRpc29udHYmdXNlcklkPSVVU0VSX0lEJSZnZHByPTAmZ2Rwcl9jb25zZW50PSZ1c19wcml2YWN5PQ:0
[    3015ms] [ERROR] Failed to load resource: net::ERR_CONNECTION_RESET @ https://sync.colossusssp.com/pbs.gif?&redir=https%3A%2F%2Fsync.adkernel.com%2Fuser-sync%3Fzone%3D263117%26dsp%3D1061476%26t%3Dimage%26uid%3D%5BUID%5D:0
[    3015ms] [ERROR] Failed to load resource: net::ERR_CONNECTION_RESET @ https://sync.colossusssp.com/pbs.gif?&redir=https%3A%2F%2Fsync.adkernel.com%2Fuser-sync%3Fzone%3D263117%26dsp%3D1061476%26t%3Dimage%26uid%3D%5BUID%5D:0
[    2641ms] [ERROR] Failed to load resource: the server responded with a status of 404 (Not Found) @ https://us4.shb-sync.com/a760a5a7-e35e-49b8-9f5e-723455346741.gif?puid=f1d06266-a9e4-a171-d742-b2af914ab71c&gdpr=&gdpr_consent=ccpa=:0
[    2837ms] [ERROR] Failed to load resource: the server responded with a status of 404 (Not Found) @ https://us4.shb-sync.com/a760a5a7-e35e-49b8-9f5e-723455346741.gif?puid=f1d06266-a9e4-a171-d742-b2af914ab71c&gdpr=&gdpr_consent=ccpa=:0
[    3693ms] [ERROR] Failed to load resource: net::ERR_NAME_NOT_RESOLVED @ https://visitor-safari.omnitagjs.com/visitor/bsync?uid=d18a3e2f66cd92d3dd8b543f28c4a5cb&name=beop&url=https%3A%2F%2Fsync.adtech.ink%2Fpsync%3Ft%3Dd%26e%3D204%26u%3DPARTNER_USER_ID%26clp%3DaHR0cHM6Ly9zeW5jLmNvb3Rsb2dpeC5jb20vYXBpL2Nvb2tpZT9wYXJ0bmVySWQ9YWRpc29udHYmdXNlcklkPSVVU0VSX0lEJSZnZHByPTAmZ2Rwcl9jb25zZW50PSZ1c19wcml2YWN5PQ:0
[    5027ms] [ERROR] Attestation check for Shared Storage on https://www.googleadservices.com failed. @ https://www.googleadservices.com/pagead/managed/js/activeview/current/reach_worklet.html:0
[    2425ms] [ERROR] Mixed Content: The page at 'https://u.gg/lol/champions/darius/build?role=top' was loaded over HTTPS, but requested an insecure frame 'http://sync.pmbmonetize.live/psync?t=s&e=247&gdpr=&gdpr_consent=&us_privacy=&gpp=&gpp_sid=&cb=https%3A%2F%2Fcookies.nextmillmedia.com%2Fsetuid%3Fbidder%3Dadipolo%26nmuid%3D052d817a-30f3-46d3-baa7-093aa2254d5e%26gdpr%3D%26gdpr_consent%3D%26us_privacy%3D%26uid%3D%25USER_ID%25'. This request has been blocked; the content must be served over HTTPS. @ https://cookies.nextmillmedia.com/sync?gdpr=&gdpr_consent=&us_privacy=&redirect=https%3A%2F%2Fsync.cootlogix.com%2Fapi%2Fcookie%3FpartnerId%3Dnextmillmedia%26userId%3D%5BNMUID%5D%26gdpr%3D%26gdpr_consent%3D%26us_privacy%3D:40
[    3965ms] [ERROR] Mixed Content: The page at 'https://u.gg/lol/champions/darius/build?role=top' was loaded over HTTPS, but requested an insecure frame 'http://sync.pmbmonetize.live/psync?t=s&e=247&gdpr=&gdpr_consent=&us_privacy=&gpp=&gpp_sid=&cb=https%3A%2F%2Fcookies.nextmillmedia.com%2Fsetuid%3Fbidder%3Dadipolo%26nmuid%3D052d817a-30f3-46d3-baa7-093aa2254d5e%26gdpr%3D%26gdpr_consent%3D%26us_privacy%3D%26uid%3D%25USER_ID%25'. This request has been blocked; the content must be served over HTTPS. @ https://cookies.nextmillmedia.com/sync?gdpr=&gdpr_consent=&us_privacy=&redirect=https%3A%2F%2Fsync.omni-dex.io%2Fapi%2Fcookie%3FpartnerId%3Ddexerto-nextmillenium%26userId%3D%5BNMUID%5D%26gdpr%3D%26gdpr_consent%3D%26us_privacy%3D:40
[    5077ms] [ERROR] Failed to load resource: the server responded with a status of 404 (Not Found) @ https://us4.shb-sync.com/a760a5a7-e35e-49b8-9f5e-723455346741.gif?puid=f1d06266-a9e4-a171-d742-b2af914ab71c&gdpr=&gdpr_consent=ccpa=:0
[    5094ms] [WARNING] [Audigent] cannot access to window.top: skip check and continue SecurityError: Failed to read a named property 'document' from 'Window': Blocked a frame with origin "https://allstar.gg" from accessing a cross-origin frame.
    at https://cdn.hadronid.net/hadron.js?partner_id=403&sync=1&url=https%3A%2F%2Fallstar.gg%2Fiframe%3Fplaylist%3D69c97744521f36a065f2f24f%26platform%3DU.GG%26layout%3DnextUp:1:57991
    at Module.<anonymous> (https://cdn.hadronid.net/hadron.js?partner_id=403&sync=1&url=https%3A%2F%2Fallstar.gg%2Fiframe%3Fplaylist%3D69c97744521f36a065f2f24f%26platform%3DU.GG%26layout%3DnextUp:1:59275)
    at n (https://cdn.hadronid.net/hadron.js?partner_id=403&sync=1&url=https%3A%2F%2Fallstar.gg%2Fiframe%3Fplaylist%3D69c97744521f36a065f2f24f%26platform%3DU.GG%26layout%3DnextUp:1:110)
    at https://cdn.hadronid.net/hadron.js?partner_id=403&sync=1&url=https%3A%2F%2Fallstar.gg%2Fiframe%3Fplaylist%3D69c97744521f36a065f2f24f%26platform%3DU.GG%26layout%3DnextUp:1:902
    at https://cdn.hadronid.net/hadron.js?partner_id=403&sync=1&url=https%3A%2F%2Fallstar.gg%2Fiframe%3Fplaylist%3D69c97744521f36a065f2f24f%26platform%3DU.GG%26layout%3DnextUp:1:911 @ https://cdn.hadronid.net/hadron.js?partner_id=403&sync=1&url=https%3A%2F%2Fallstar.gg%2Fiframe%3Fplaylist%3D69c97744521f36a065f2f24f%26platform%3DU.GG%26layout%3DnextUp:0
[    5108ms] [ERROR] Failed to load resource: net::ERR_NAME_NOT_RESOLVED @ https://visitor-rtbmix.omnitagjs.com/visitor/bsync?uid=681194867b1fea57a9aee256eb5ea0a7&name=gen01&url=https%3A%2F%2Fsync.adtech.ink%2Fpsync%3Ft%3Dd%26e%3D103%26u%3DPARTNER_USER_ID%26clp%3DaHR0cHM6Ly9zeW5jLmNvb3Rsb2dpeC5jb20vYXBpL2Nvb2tpZT9wYXJ0bmVySWQ9YWRpc29udHYmdXNlcklkPSVVU0VSX0lEJSZnZHByPSZnZHByX2NvbnNlbnQ9JnVzX3ByaXZhY3k9:0
[    5115ms] [ERROR] Failed to load resource: the server responded with a status of 404 (Not Found) @ https://us4.shb-sync.com/a760a5a7-e35e-49b8-9f5e-723455346741.gif?puid=f1d06266-a9e4-a171-d742-b2af914ab71c&gdpr=&gdpr_consent=ccpa=:0
[    5163ms] [ERROR] Failed to load resource: the server responded with a status of 404 (Not Found) @ https://us4.shb-sync.com/a760a5a7-e35e-49b8-9f5e-723455346741.gif?puid=f1d06266-a9e4-a171-d742-b2af914ab71c&gdpr=&gdpr_consent=ccpa=:0
[    5506ms] [ERROR] Failed to load resource: the server responded with a status of 400 () @ https://cs.ingage.tech/v1/sync/equative/bece472f-7e1d-409a-804d-716fd1381315?uid=:0
[    5564ms] [ERROR] Failed to load resource: the server responded with a status of 400 (Bad Request) @ https://cpm.vistarsagency.com/user-sync?zone=297502&t=image&r=https%3A%2F%2Fprebid.admatic.de%2Fsetuid%3Fbidder%3Dvistar%26gdpr%3D%26gdpr_consent%3D%26f%3Di%26uid%3D%7BUID%7D:0
[    5635ms] [WARNING] [Audigent] cannot find __gpp framework @ https://a.ad.gt/api/v1/u/matches/403?_it=amazon:0
[    5646ms] [ERROR] Attestation check for Shared Storage on https://securepubads.g.doubleclick.net failed. @ https://imasdk.googleapis.com/js/core/bridge3.753.1_en.html#deid=%22%22&eventfe_experiment_ids=%5B%5D&fid=%22goog_340195393%22&genotype_experiment_data=%7B%22experimentStateProto%22%3A%22%5B%5B%5B45713128%2Cnull%2Cnull%2C%5B%5D%5D%2C%5Bnull%2C745150931%2Cnull%2C%5Bnull%2C1%5D%5D%2C%5Bnull%2C749060184%2Cnull%2C%5Bnull%2C128%5D%5D%2C%5B841585769%2Cnull%2Cnull%2C%5B1%5D%5D%2C%5B45761044%2Cnull%2Cnull%2C%5B%5D%5D%2C%5B45722344%2Cnull%2Cnull%2C%5B%5D%5D%2C%5B45706017%2Cnull%2Cnull%2C%5B1%5D%5D%2C%5B45668885%2Cnull%2Cnull%2C%5B%5D%5D%2C%5B45685340%2Cnull%2Cnull%2C%5B%5D%5D%2C%5B45765927%2Cnull%2Cnull%2C%5B%5D%5D%2C%5B45734716%2Cnull%2Cnull%2C%5B%5D%5D%2C%5B45735891%2Cnull%2Cnull%2C%5B%5D%5D%2C%5B45663239%2Cnull%2Cnull%2C%5B%5D%5D%2C%5B45715032%2Cnull%2Cnull%2C%5B1%5D%5D%2C%5B45661356%2Cnull%2Cnull%2C%5B%5D%5D%2C%5B839547366%2Cnull%2Cnull%2C%5B1%5D%5D%2C%5B45676441%2Cnull%2Cnull%2C%5B%5D%5D%2C%5Bnull%2C45645574%2Cnull%2C%5B%5D%5D%2C%5B45688859%2Cnull%2Cnull%2C%5B%5D%5D%2C%5B45656766%2Cnull%2Cnull%2C%5B%5D%5D%2C%5B45710689%2Cnull%2Cnull%2C%5B%5D%5D%2C%5B45710688%2Cnull%2Cnull%2C%5B1%5D%5D%2C%5B45685601%2Cnull%2Cnull%2C%5B%5D%5D%2C%5Bnull%2C45685602%2Cnull%2C%5Bnull%2C500%5D%5D%2C%5Bnull%2C45767902%2Cnull%2C%5Bnull%2C500%5D%5D%2C%5B45756824%2Cnull%2Cnull%2C%5B%5D%5D%2C%5B45747172%2Cnull%2Cnull%2C%5B%5D%5D%2C%5B775241416%2Cnull%2Cnull%2C%5B%5D%5D%2C%5B781107959%2Cnull%2Cnull%2C%5B%5D%5D%2C%5B781107958%2Cnull%2Cnull%2C%5B%5D%5D%2C%5B792614055%2Cnull%2Cnull%2C%5B%5D%5D%2C%5B781107957%2Cnull%2Cnull%2C%5B%5D%5D%2C%5B45729602%2Cnull%2Cnull%2C%5B%5D%5D%2C%5B45753603%2Cnull%2Cnull%2C%5B%5D%5D%2C%5B45753604%2Cnull%2Cnull%2C%5B%5D%5D%2C%5B45658982%2Cnull%2Cnull%2C%5B%5D%5D%2C%5B45725657%2Cnull%2Cnull%2C%5B%5D%5D%5D%2C%5B%5B16%2C%5B%5B1%2C%5B%5B31089630%5D%2C%5B31089631%2C%5B%5B45668885%2Cnull%2Cnull%2C%5B1%5D%5D%5D%5D%5D%5D%2C%5B1000%2C%5B%5B95332046%5D%5D%5D%2C%5Bnull%2C%5B%5B95332047%5D%5D%5D%2C%5B10%2C%5B%5B95338769%2C%5B%5Bnull%2C45645574%2Cnull%2C%5Bnull%2C1%5D%5D%5D%5D%2C%5B95338770%2C%5B%5Bnull%2C45645574%2Cnull%2C%5Bnull%2C2%5D%5D%5D%5D%5D%5D%2C%5B50%2C%5B%5B95345206%5D%2C%5B95345207%2C%5B%5B45661356%2Cnull%2Cnull%2C%5B1%5D%5D%5D%5D%5D%5D%2C%5B1%2C%5B%5B95351425%5D%2C%5B95351426%2C%5B%5B45676441%2Cnull%2Cnull%2C%5B1%5D%5D%5D%5D%5D%5D%2C%5B20%2C%5B%5B95356068%5D%2C%5B95356069%2C%5B%5B45685601%2Cnull%2Cnull%2C%5B%5D%5D%2C%5Bnull%2C45685602%2Cnull%2C%5B%5D%5D%5D%5D%2C%5B95356070%2C%5B%5B45685601%2Cnull%2Cnull%2C%5B1%5D%5D%2C%5Bnull%2C45685602%2Cnull%2C%5B%5D%5D%5D%5D%2C%5B95356071%2C%5B%5B45685601%2Cnull%2Cnull%2C%5B1%5D%5D%2C%5Bnull%2C45685602%2Cnull%2C%5Bnull%2C100%5D%5D%5D%5D%5D%5D%2C%5B1%2C%5B%5B95373378%2C%5B%5B792614055%2Cnull%2Cnull%2C%5B1%5D%5D%5D%5D%2C%5B95373379%2C%5B%5B45747172%2Cnull%2Cnull%2C%5B1%5D%5D%2C%5B781107959%2Cnull%2Cnull%2C%5B1%5D%5D%2C%5B792614055%2Cnull%2Cnull%2C%5B1%5D%5D%2C%5B781107957%2Cnull%2Cnull%2C%5B1%5D%5D%5D%5D%5D%5D%2C%5B10%2C%5B%5B95378629%5D%2C%5B95378630%2C%5B%5B45729602%2Cnull%2Cnull%2C%5B1%5D%5D%5D%5D%2C%5B95381582%2C%5B%5B45729602%2Cnull%2Cnull%2C%5B1%5D%5D%2C%5B45753603%2Cnull%2Cnull%2C%5B1%5D%5D%5D%5D%2C%5B95381583%2C%5B%5B45729602%2Cnull%2Cnull%2C%5B1%5D%5D%2C%5B45753604%2Cnull%2Cnull%2C%5B1%5D%5D%5D%5D%5D%5D%2C%5B10%2C%5B%5B95382403%5D%2C%5B95386528%2C%5B%5Bnull%2C45767902%2Cnull%2C%5B%5D%5D%2C%5B45756824%2Cnull%2Cnull%2C%5B1%5D%5D%5D%5D%2C%5B95386532%2C%5B%5Bnull%2C45767902%2Cnull%2C%5Bnull%2C100%5D%5D%2C%5B45756824%2Cnull%2Cnull%2C%5B1%5D%5D%5D%5D%2C%5B95386533%2C%5B%5Bnull%2C45767902%2Cnull%2C%5Bnull%2C300%5D%5D%2C%5B45756824%2Cnull%2Cnull%2C%5B1%5D%5D%5D%5D%2C%5B95386534%2C%5B%5Bnull%2C45767902%2Cnull%2C%5Bnull%2C500%5D%5D%2C%5B45756824%2Cnull%2Cnull%2C%5B1%5D%5D%5D%5D%5D%5D%2C%5Bnull%2C%5B%5B95384561%5D%2C%5B95384562%2C%5B%5B846355750%2Cnull%2Cnull%2C%5B1%5D%5D%5D%5D%5D%5D%2C%5B10%2C%5B%5B95385117%5D%2C%5B95385118%2C%5B%5B45761044%2Cnull%2Cnull%2C%5B1%5D%5D%5D%5D%5D%5D%2C%5Bnull%2C%5B%5B95385193%5D%2C%5B95385194%2C%5B%5B45765927%2Cnull%2Cnull%2C%5B1%5D%5D%5D%5D%5D%5D%5D%5D%5D%2Cnull%2Cnull%2C%5Bnull%2C1000%2C1%2C1000%5D%5D%22%7D&imalib_experiments=%5B420706097%2C95322027%2C95331589%2C95332046%5D&is_eap_loader=false&managed_js_experiment_id=0&page_correlator=663328160976796&pvsid=3615331514204976&top_accessible_page_url=%22https%3A%2F%2Fu.gg%2Flol%2Fchampions%2Fdarius%2Fbuild%3Frole%3Dtop%22:0
[    3015ms] [ERROR] Failed to load resource: net::ERR_CONNECTION_RESET @ https://sync.colossusssp.com/pbs.gif?&redir=https%3A%2F%2Fsync.adkernel.com%2Fuser-sync%3Fzone%3D263117%26dsp%3D1061476%26t%3Dimage%26uid%3D%5BUID%5D:0
[    3611ms] [ERROR] Failed to load resource: the server responded with a status of 404 () @ https://60d90b86afa0e242ee903484e8b36e0c.safeframe.googlesyndication.com/safeframe/1-0-45/html/mraid.js:0
[    4180ms] [ERROR] Refused to execute script from 'https://60d90b86afa0e242ee903484e8b36e0c.safeframe.googlesyndication.com/safeframe/1-0-45/html/mraid.js' because its MIME type ('text/html') is not executable, and strict MIME type checking is enabled. @ https://60d90b86afa0e242ee903484e8b36e0c.safeframe.googlesyndication.com/safeframe/1-0-45/html/container.html:0
[    5564ms] [ERROR] Failed to load resource: the server responded with a status of 400 (Bad Request) @ https://cpm.vistarsagency.com/user-sync?zone=297502&t=image&r=https%3A%2F%2Fprebid.admatic.de%2Fsetuid%3Fbidder%3Dvistar%26gdpr%3D%26gdpr_consent%3D%26f%3Di%26uid%3D%7BUID%7D:0
[    5564ms] [ERROR] Failed to load resource: the server responded with a status of 400 (Bad Request) @ https://cpm.vistarsagency.com/user-sync?zone=297502&t=image&r=https%3A%2F%2Fprebid.admatic.de%2Fsetuid%3Fbidder%3Dvistar%26gdpr%3D%26gdpr_consent%3D%26f%3Di%26uid%3D%7BUID%7D:0
[    6185ms] [ERROR] Failed to load resource: the server responded with a status of 400 (Bad Request) @ https://cpm.vistarsagency.com/user-sync?zone=297502&t=image&r=https%3A%2F%2Fprebid.admatic.de%2Fsetuid%3Fbidder%3Dvistar%26gdpr%3D%26gdpr_consent%3D%26f%3Di%26uid%3D%7BUID%7D:0
[    6313ms] [ERROR] Failed to load resource: net::ERR_CONNECTION_RESET @ https://sync.colossusssp.com/pbs.gif?&redir=https%3A%2F%2Fsync.adkernel.com%2Fuser-sync%3Fzone%3D263117%26dsp%3D1061476%26t%3Dimage%26uid%3D%5BUID%5D:0
[    3326ms] [ERROR] Failed to load resource: net::ERR_NAME_NOT_RESOLVED @ https://usermatch.krxd.net/um/v2?partner=tapad:0
[    6679ms] [ERROR] Failed to load resource: the server responded with a status of 502 () @ chrome-error://chromewebdata/:0
[    6683ms] [ERROR] Refused to display 'https://cs.ingage.tech/' in a frame because it set 'X-Frame-Options' to 'sameorigin'. @ chrome-error://chromewebdata/:0
[    6903ms] [ERROR] Failed to load resource: the server responded with a status of 502 () @ chrome-error://chromewebdata/:0
[    6906ms] [ERROR] Refused to display 'https://cs.ingage.tech/' in a frame because it set 'X-Frame-Options' to 'sameorigin'. @ chrome-error://chromewebdata/:0
[    8068ms] [ERROR] Attestation check for Attribution Reporting on https://ara.paa-reporting-advertising.amazon failed. @ https://u.gg/lol/champions/darius/build?role=top:0
[    8069ms] [ERROR] Attestation check for Shared Storage on https://ara.paa-reporting-advertising.amazon failed. @ https://tpc.googlesyndication.com/pagead/js/loader21.html?https://m.media-amazon.com/images/I/3181ANR4pXL.js:0
[   10262ms] [ERROR] Failed to load resource: the server responded with a status of 404 (Not Found) @ https://csync.copper6.com/fbd260923f6815f04a34938c00400dd6.gif?gdpr=0&gdpr_consent=&redir=https%3A%2F%2Fs.ad.smaato.net%2Fc%2F%3FdspId%3D1248%26dspCookie%3D%5BUID%5D%26gdpr%3D0%26gdpr_consent%3D:0
[   16496ms] [ERROR] Failed to load resource: net::ERR_CONNECTION_RESET @ https://sync.colossusssp.com/vdz.gif?puid=f1d06266-a9e4-a171-d742-b2af914ab71c&redir=https%3A%2F%2Fsync.cootlogix.com%2Fapi%2Fcookie%3FpartnerId%3Dcolossus%26gdpr%3D%26gdpr_consent%3D%26us_privacy%3D%26userId%3D%5BUID%5D:0
[   21475ms] [ERROR] Attestation check for Protected Audience on https://rtb.openx.net failed. @ https://u.gg/lol/champions/darius/build?role=top:0
[   21475ms] [ERROR] Attestation check for Protected Audience on https://direct.adsrvr.org failed. @ https://u.gg/lol/champions/darius/build?role=top:0
[   21475ms] [ERROR] Attestation check for Protected Audience on https://tlx.3lift.com failed. @ https://u.gg/lol/champions/darius/build?role=top:0
[   21475ms] [ERROR] Attestation check for Protected Audience on https://hb.yellowblue.io failed. @ https://u.gg/lol/champions/darius/build?role=top:0
[   21475ms] [ERROR] Attestation check for Protected Audience on https://btlr.sharethrough.com failed. @ https://u.gg/lol/champions/darius/build?role=top:0
[   21475ms] [ERROR] Attestation check for Protected Audience on https://ib.adnxs.com failed. @ https://u.gg/lol/champions/darius/build?role=top:0
[   21475ms] [ERROR] Attestation check for Protected Audience on https://exchange.cootlogix.com failed. @ https://u.gg/lol/champions/darius/build?role=top:0
[   21475ms] [ERROR] Attestation check for Protected Audience on https://htlb.casalemedia.com failed. @ https://u.gg/lol/champions/darius/build?role=top:0
[   21475ms] [ERROR] Attestation check for Protected Audience on https://prebid-server.rubiconproject.com failed. @ https://u.gg/lol/champions/darius/build?role=top:0
[   21475ms] [ERROR] Attestation check for Protected Audience on https://krk2.kargo.com failed. @ https://u.gg/lol/champions/darius/build?role=top:0
[   21483ms] [ERROR] Attestation check for Protected Audience on https://hbopenbid.pubmatic.com failed. @ https://u.gg/lol/champions/darius/build?role=top:0
[   22187ms] [ERROR] Attestation check for Shared Storage on https://securepubads.g.doubleclick.net failed. @ https://imasdk.googleapis.com/js/core/bridge3.753.1_en.html#deid=%22%22&eventfe_experiment_ids=%5B%5D&fid=%22goog_340195395%22&genotype_experiment_data=%7B%22experimentStateProto%22%3A%22%5B%5B%5B45713128%2Cnull%2Cnull%2C%5B%5D%5D%2C%5Bnull%2C745150931%2Cnull%2C%5Bnull%2C1%5D%5D%2C%5Bnull%2C749060184%2Cnull%2C%5Bnull%2C128%5D%5D%2C%5B841585769%2Cnull%2Cnull%2C%5B1%5D%5D%2C%5B45761044%2Cnull%2Cnull%2C%5B%5D%5D%2C%5B45722344%2Cnull%2Cnull%2C%5B%5D%5D%2C%5B45706017%2Cnull%2Cnull%2C%5B1%5D%5D%2C%5B45668885%2Cnull%2Cnull%2C%5B%5D%5D%2C%5B45685340%2Cnull%2Cnull%2C%5B%5D%5D%2C%5B45765927%2Cnull%2Cnull%2C%5B%5D%5D%2C%5B45734716%2Cnull%2Cnull%2C%5B%5D%5D%2C%5B45735891%2Cnull%2Cnull%2C%5B%5D%5D%2C%5B45663239%2Cnull%2Cnull%2C%5B%5D%5D%2C%5B45715032%2Cnull%2Cnull%2C%5B1%5D%5D%2C%5B45661356%2Cnull%2Cnull%2C%5B%5D%5D%2C%5B839547366%2Cnull%2Cnull%2C%5B1%5D%5D%2C%5B45676441%2Cnull%2Cnull%2C%5B%5D%5D%2C%5Bnull%2C45645574%2Cnull%2C%5B%5D%5D%2C%5B45688859%2Cnull%2Cnull%2C%5B%5D%5D%2C%5B45656766%2Cnull%2Cnull%2C%5B%5D%5D%2C%5B45710689%2Cnull%2Cnull%2C%5B%5D%5D%2C%5B45710688%2Cnull%2Cnull%2C%5B1%5D%5D%2C%5B45685601%2Cnull%2Cnull%2C%5B%5D%5D%2C%5Bnull%2C45685602%2Cnull%2C%5Bnull%2C500%5D%5D%2C%5Bnull%2C45767902%2Cnull%2C%5Bnull%2C500%5D%5D%2C%5B45756824%2Cnull%2Cnull%2C%5B%5D%5D%2C%5B45747172%2Cnull%2Cnull%2C%5B%5D%5D%2C%5B775241416%2Cnull%2Cnull%2C%5B%5D%5D%2C%5B781107959%2Cnull%2Cnull%2C%5B%5D%5D%2C%5B781107958%2Cnull%2Cnull%2C%5B%5D%5D%2C%5B792614055%2Cnull%2Cnull%2C%5B%5D%5D%2C%5B781107957%2Cnull%2Cnull%2C%5B%5D%5D%2C%5B45729602%2Cnull%2Cnull%2C%5B%5D%5D%2C%5B45753603%2Cnull%2Cnull%2C%5B%5D%5D%2C%5B45753604%2Cnull%2Cnull%2C%5B%5D%5D%2C%5B45658982%2Cnull%2Cnull%2C%5B%5D%5D%2C%5B45725657%2Cnull%2Cnull%2C%5B%5D%5D%5D%2C%5B%5B16%2C%5B%5B1%2C%5B%5B31089630%5D%2C%5B31089631%2C%5B%5B45668885%2Cnull%2Cnull%2C%5B1%5D%5D%5D%5D%5D%5D%2C%5B1000%2C%5B%5B95332046%5D%5D%5D%2C%5Bnull%2C%5B%5B95332047%5D%5D%5D%2C%5B10%2C%5B%5B95338769%2C%5B%5Bnull%2C45645574%2Cnull%2C%5Bnull%2C1%5D%5D%5D%5D%2C%5B95338770%2C%5B%5Bnull%2C45645574%2Cnull%2C%5Bnull%2C2%5D%5D%5D%5D%5D%5D%2C%5B50%2C%5B%5B95345206%5D%2C%5B95345207%2C%5B%5B45661356%2Cnull%2Cnull%2C%5B1%5D%5D%5D%5D%5D%5D%2C%5B1%2C%5B%5B95351425%5D%2C%5B95351426%2C%5B%5B45676441%2Cnull%2Cnull%2C%5B1%5D%5D%5D%5D%5D%5D%2C%5B20%2C%5B%5B95356068%5D%2C%5B95356069%2C%5B%5B45685601%2Cnull%2Cnull%2C%5B%5D%5D%2C%5Bnull%2C45685602%2Cnull%2C%5B%5D%5D%5D%5D%2C%5B95356070%2C%5B%5B45685601%2Cnull%2Cnull%2C%5B1%5D%5D%2C%5Bnull%2C45685602%2Cnull%2C%5B%5D%5D%5D%5D%2C%5B95356071%2C%5B%5B45685601%2Cnull%2Cnull%2C%5B1%5D%5D%2C%5Bnull%2C45685602%2Cnull%2C%5Bnull%2C100%5D%5D%5D%5D%5D%5D%2C%5B1%2C%5B%5B95373378%2C%5B%5B792614055%2Cnull%2Cnull%2C%5B1%5D%5D%5D%5D%2C%5B95373379%2C%5B%5B45747172%2Cnull%2Cnull%2C%5B1%5D%5D%2C%5B781107959%2Cnull%2Cnull%2C%5B1%5D%5D%2C%5B792614055%2Cnull%2Cnull%2C%5B1%5D%5D%2C%5B781107957%2Cnull%2Cnull%2C%5B1%5D%5D%5D%5D%5D%5D%2C%5B10%2C%5B%5B95378629%5D%2C%5B95378630%2C%5B%5B45729602%2Cnull%2Cnull%2C%5B1%5D%5D%5D%5D%2C%5B95381582%2C%5B%5B45729602%2Cnull%2Cnull%2C%5B1%5D%5D%2C%5B45753603%2Cnull%2Cnull%2C%5B1%5D%5D%5D%5D%2C%5B95381583%2C%5B%5B45729602%2Cnull%2Cnull%2C%5B1%5D%5D%2C%5B45753604%2Cnull%2Cnull%2C%5B1%5D%5D%5D%5D%5D%5D%2C%5B10%2C%5B%5B95382403%5D%2C%5B95386528%2C%5B%5Bnull%2C45767902%2Cnull%2C%5B%5D%5D%2C%5B45756824%2Cnull%2Cnull%2C%5B1%5D%5D%5D%5D%2C%5B95386532%2C%5B%5Bnull%2C45767902%2Cnull%2C%5Bnull%2C100%5D%5D%2C%5B45756824%2Cnull%2Cnull%2C%5B1%5D%5D%5D%5D%2C%5B95386533%2C%5B%5Bnull%2C45767902%2Cnull%2C%5Bnull%2C300%5D%5D%2C%5B45756824%2Cnull%2Cnull%2C%5B1%5D%5D%5D%5D%2C%5B95386534%2C%5B%5Bnull%2C45767902%2Cnull%2C%5Bnull%2C500%5D%5D%2C%5B45756824%2Cnull%2Cnull%2C%5B1%5D%5D%5D%5D%5D%5D%2C%5Bnull%2C%5B%5B95384561%5D%2C%5B95384562%2C%5B%5B846355750%2Cnull%2Cnull%2C%5B1%5D%5D%5D%5D%5D%5D%2C%5B10%2C%5B%5B95385117%5D%2C%5B95385118%2C%5B%5B45761044%2Cnull%2Cnull%2C%5B1%5D%5D%5D%5D%5D%5D%2C%5Bnull%2C%5B%5B95385193%5D%2C%5B95385194%2C%5B%5B45765927%2Cnull%2Cnull%2C%5B1%5D%5D%5D%5D%5D%5D%5D%5D%5D%2Cnull%2Cnull%2C%5Bnull%2C1000%2C1%2C1000%5D%5D%22%7D&imalib_experiments=%5B420706097%2C95322027%2C95331589%2C95332046%5D&is_eap_loader=false&managed_js_experiment_id=0&page_correlator=4212395879175027&pvsid=3615331514204976&top_accessible_page_url=%22https%3A%2F%2Fu.gg%2Flol%2Fchampions%2Fdarius%2Fbuild%3Frole%3Dtop%22:0
[   26286ms] [ERROR] Attestation check for Protected Audience on https://hb.yellowblue.io failed. @ https://u.gg/lol/champions/darius/build?role=top:0
[   26286ms] [ERROR] Attestation check for Protected Audience on https://g2.gumgum.com failed. @ https://u.gg/lol/champions/darius/build?role=top:0
[   26286ms] [ERROR] Attestation check for Protected Audience on https://btlr.sharethrough.com failed. @ https://u.gg/lol/champions/darius/build?role=top:0
[   26286ms] [ERROR] Attestation check for Protected Audience on https://htlb.casalemedia.com failed. @ https://u.gg/lol/champions/darius/build?role=top:0
[   26286ms] [ERROR] Attestation check for Protected Audience on https://ib.adnxs.com failed. @ https://u.gg/lol/champions/darius/build?role=top:0
[   26286ms] [ERROR] Attestation check for Protected Audience on https://direct.adsrvr.org failed. @ https://u.gg/lol/champions/darius/build?role=top:0
[   26286ms] [ERROR] Attestation check for Protected Audience on https://krk2.kargo.com failed. @ https://u.gg/lol/champions/darius/build?role=top:0
[   26286ms] [ERROR] Attestation check for Protected Audience on https://tlx.3lift.com failed. @ https://u.gg/lol/champions/darius/build?role=top:0
[   26286ms] [ERROR] Attestation check for Protected Audience on https://rtb.openx.net failed. @ https://u.gg/lol/champions/darius/build?role=top:0
[   26286ms] [ERROR] Attestation check for Protected Audience on https://exchange.cootlogix.com failed. @ https://u.gg/lol/champions/darius/build?role=top:0
[   26286ms] [ERROR] Attestation check for Protected Audience on https://fastlane.rubiconproject.com failed. @ https://u.gg/lol/champions/darius/build?role=top:0
[   26288ms] [ERROR] Attestation check for Protected Audience on https://hbopenbid.pubmatic.com failed. @ https://u.gg/lol/champions/darius/build?role=top:0
[   27679ms] [ERROR] Attestation check for Protected Audience on https://hb.yellowblue.io failed. @ https://u.gg/lol/champions/darius/build?role=top:0
[   27679ms] [ERROR] Attestation check for Protected Audience on https://krk2.kargo.com failed. @ https://u.gg/lol/champions/darius/build?role=top:0
[   27679ms] [ERROR] Attestation check for Protected Audience on https://tlx.3lift.com failed. @ https://u.gg/lol/champions/darius/build?role=top:0
[   27679ms] [ERROR] Attestation check for Protected Audience on https://ib.adnxs.com failed. @ https://u.gg/lol/champions/darius/build?role=top:0
[   27679ms] [ERROR] Attestation check for Protected Audience on https://btlr.sharethrough.com failed. @ https://u.gg/lol/champions/darius/build?role=top:0
[   27679ms] [ERROR] Attestation check for Protected Audience on https://rtb.openx.net failed. @ https://u.gg/lol/champions/darius/build?role=top:0
[   27679ms] [ERROR] Attestation check for Protected Audience on https://direct.adsrvr.org failed. @ https://u.gg/lol/champions/darius/build?role=top:0
[   27679ms] [ERROR] Attestation check for Protected Audience on https://prebid-server.rubiconproject.com failed. @ https://u.gg/lol/champions/darius/build?role=top:0
[   27679ms] [ERROR] Attestation check for Protected Audience on https://exchange.cootlogix.com failed. @ https://u.gg/lol/champions/darius/build?role=top:0
[   27679ms] [ERROR] Attestation check for Protected Audience on https://htlb.casalemedia.com failed. @ https://u.gg/lol/champions/darius/build?role=top:0
[   27681ms] [ERROR] Attestation check for Protected Audience on https://hbopenbid.pubmatic.com failed. @ https://u.gg/lol/champions/darius/build?role=top:0
[   28715ms] [ERROR] Attestation check for Shared Storage on https://www.googleadservices.com failed. @ https://www.googleadservices.com/pagead/managed/js/activeview/current/reach_worklet.html:0
[   28731ms] [ERROR] Attestation check for Shared Storage on https://securepubads.g.doubleclick.net failed. @ https://imasdk.googleapis.com/js/core/bridge3.753.1_en.html#deid=%22%22&eventfe_experiment_ids=%5B%5D&fid=%22goog_340195397%22&genotype_experiment_data=%7B%22experimentStateProto%22%3A%22%5B%5B%5B45713128%2Cnull%2Cnull%2C%5B%5D%5D%2C%5Bnull%2C745150931%2Cnull%2C%5Bnull%2C1%5D%5D%2C%5Bnull%2C749060184%2Cnull%2C%5Bnull%2C128%5D%5D%2C%5B841585769%2Cnull%2Cnull%2C%5B1%5D%5D%2C%5B45761044%2Cnull%2Cnull%2C%5B%5D%5D%2C%5B45722344%2Cnull%2Cnull%2C%5B%5D%5D%2C%5B45706017%2Cnull%2Cnull%2C%5B1%5D%5D%2C%5B45668885%2Cnull%2Cnull%2C%5B%5D%5D%2C%5B45685340%2Cnull%2Cnull%2C%5B%5D%5D%2C%5B45765927%2Cnull%2Cnull%2C%5B%5D%5D%2C%5B45734716%2Cnull%2Cnull%2C%5B%5D%5D%2C%5B45735891%2Cnull%2Cnull%2C%5B%5D%5D%2C%5B45663239%2Cnull%2Cnull%2C%5B%5D%5D%2C%5B45715032%2Cnull%2Cnull%2C%5B1%5D%5D%2C%5B45661356%2Cnull%2Cnull%2C%5B%5D%5D%2C%5B839547366%2Cnull%2Cnull%2C%5B1%5D%5D%2C%5B45676441%2Cnull%2Cnull%2C%5B%5D%5D%2C%5Bnull%2C45645574%2Cnull%2C%5B%5D%5D%2C%5B45688859%2Cnull%2Cnull%2C%5B%5D%5D%2C%5B45656766%2Cnull%2Cnull%2C%5B%5D%5D%2C%5B45710689%2Cnull%2Cnull%2C%5B%5D%5D%2C%5B45710688%2Cnull%2Cnull%2C%5B1%5D%5D%2C%5B45685601%2Cnull%2Cnull%2C%5B%5D%5D%2C%5Bnull%2C45685602%2Cnull%2C%5Bnull%2C500%5D%5D%2C%5Bnull%2C45767902%2Cnull%2C%5Bnull%2C500%5D%5D%2C%5B45756824%2Cnull%2Cnull%2C%5B%5D%5D%2C%5B45747172%2Cnull%2Cnull%2C%5B%5D%5D%2C%5B775241416%2Cnull%2Cnull%2C%5B%5D%5D%2C%5B781107959%2Cnull%2Cnull%2C%5B%5D%5D%2C%5B781107958%2Cnull%2Cnull%2C%5B%5D%5D%2C%5B792614055%2Cnull%2Cnull%2C%5B%5D%5D%2C%5B781107957%2Cnull%2Cnull%2C%5B%5D%5D%2C%5B45729602%2Cnull%2Cnull%2C%5B%5D%5D%2C%5B45753603%2Cnull%2Cnull%2C%5B%5D%5D%2C%5B45753604%2Cnull%2Cnull%2C%5B%5D%5D%2C%5B45658982%2Cnull%2Cnull%2C%5B%5D%5D%2C%5B45725657%2Cnull%2Cnull%2C%5B%5D%5D%5D%2C%5B%5B16%2C%5B%5B1%2C%5B%5B31089630%5D%2C%5B31089631%2C%5B%5B45668885%2Cnull%2Cnull%2C%5B1%5D%5D%5D%5D%5D%5D%2C%5B1000%2C%5B%5B95332046%5D%5D%5D%2C%5Bnull%2C%5B%5B95332047%5D%5D%5D%2C%5B10%2C%5B%5B95338769%2C%5B%5Bnull%2C45645574%2Cnull%2C%5Bnull%2C1%5D%5D%5D%5D%2C%5B95338770%2C%5B%5Bnull%2C45645574%2Cnull%2C%5Bnull%2C2%5D%5D%5D%5D%5D%5D%2C%5B50%2C%5B%5B95345206%5D%2C%5B95345207%2C%5B%5B45661356%2Cnull%2Cnull%2C%5B1%5D%5D%5D%5D%5D%5D%2C%5B1%2C%5B%5B95351425%5D%2C%5B95351426%2C%5B%5B45676441%2Cnull%2Cnull%2C%5B1%5D%5D%5D%5D%5D%5D%2C%5B20%2C%5B%5B95356068%5D%2C%5B95356069%2C%5B%5B45685601%2Cnull%2Cnull%2C%5B%5D%5D%2C%5Bnull%2C45685602%2Cnull%2C%5B%5D%5D%5D%5D%2C%5B95356070%2C%5B%5B45685601%2Cnull%2Cnull%2C%5B1%5D%5D%2C%5Bnull%2C45685602%2Cnull%2C%5B%5D%5D%5D%5D%2C%5B95356071%2C%5B%5B45685601%2Cnull%2Cnull%2C%5B1%5D%5D%2C%5Bnull%2C45685602%2Cnull%2C%5Bnull%2C100%5D%5D%5D%5D%5D%5D%2C%5B1%2C%5B%5B95373378%2C%5B%5B792614055%2Cnull%2Cnull%2C%5B1%5D%5D%5D%5D%2C%5B95373379%2C%5B%5B45747172%2Cnull%2Cnull%2C%5B1%5D%5D%2C%5B781107959%2Cnull%2Cnull%2C%5B1%5D%5D%2C%5B792614055%2Cnull%2Cnull%2C%5B1%5D%5D%2C%5B781107957%2Cnull%2Cnull%2C%5B1%5D%5D%5D%5D%5D%5D%2C%5B10%2C%5B%5B95378629%5D%2C%5B95378630%2C%5B%5B45729602%2Cnull%2Cnull%2C%5B1%5D%5D%5D%5D%2C%5B95381582%2C%5B%5B45729602%2Cnull%2Cnull%2C%5B1%5D%5D%2C%5B45753603%2Cnull%2Cnull%2C%5B1%5D%5D%5D%5D%2C%5B95381583%2C%5B%5B45729602%2Cnull%2Cnull%2C%5B1%5D%5D%2C%5B45753604%2Cnull%2Cnull%2C%5B1%5D%5D%5D%5D%5D%5D%2C%5B10%2C%5B%5B95382403%5D%2C%5B95386528%2C%5B%5Bnull%2C45767902%2Cnull%2C%5B%5D%5D%2C%5B45756824%2Cnull%2Cnull%2C%5B1%5D%5D%5D%5D%2C%5B95386532%2C%5B%5Bnull%2C45767902%2Cnull%2C%5Bnull%2C100%5D%5D%2C%5B45756824%2Cnull%2Cnull%2C%5B1%5D%5D%5D%5D%2C%5B95386533%2C%5B%5Bnull%2C45767902%2Cnull%2C%5Bnull%2C300%5D%5D%2C%5B45756824%2Cnull%2Cnull%2C%5B1%5D%5D%5D%5D%2C%5B95386534%2C%5B%5Bnull%2C45767902%2Cnull%2C%5Bnull%2C500%5D%5D%2C%5B45756824%2Cnull%2Cnull%2C%5B1%5D%5D%5D%5D%5D%5D%2C%5Bnull%2C%5B%5B95384561%5D%2C%5B95384562%2C%5B%5B846355750%2Cnull%2Cnull%2C%5B1%5D%5D%5D%5D%5D%5D%2C%5B10%2C%5B%5B95385117%5D%2C%5B95385118%2C%5B%5B45761044%2Cnull%2Cnull%2C%5B1%5D%5D%5D%5D%5D%5D%2C%5Bnull%2C%5B%5B95385193%5D%2C%5B95385194%2C%5B%5B45765927%2Cnull%2Cnull%2C%5B1%5D%5D%5D%5D%5D%5D%5D%5D%5D%2Cnull%2Cnull%2C%5Bnull%2C1000%2C1%2C1000%5D%5D%22%7D&imalib_experiments=%5B420706097%2C95322027%2C95331589%2C95332046%5D&is_eap_loader=false&managed_js_experiment_id=0&page_correlator=347008733131780&pvsid=3615331514204976&top_accessible_page_url=%22https%3A%2F%2Fu.gg%2Flol%2Fchampions%2Fdarius%2Fbuild%3Frole%3Dtop%22:0
[   28715ms] [ERROR] Attestation check for Shared Storage on https://www.googleadservices.com failed. @ https://www.googleadservices.com/pagead/managed/js/activeview/current/reach_worklet.html:0
[   29158ms] [ERROR] Attestation check for Shared Storage on https://www.googleadservices.com failed. @ https://www.googleadservices.com/pagead/managed/js/activeview/current/reach_worklet.html:0
[   30937ms] [ERROR] Attestation check for Attribution Reporting on https://ara.paa-reporting-advertising.amazon failed. @ https://u.gg/lol/champions/darius/build?role=top:0
[   30938ms] [ERROR] Attestation check for Shared Storage on https://ara.paa-reporting-advertising.amazon failed. @ https://tpc.googlesyndication.com/pagead/js/loader21.html?https://c.amazon-adsystem.com/bao-csm/webvideo/3p/amzn_vpaid_wrapper.js:0
[   31191ms] [ERROR] Attestation check for Protected Audience on https://g2.gumgum.com failed. @ https://u.gg/lol/champions/darius/build?role=top:0
[   31192ms] [ERROR] Attestation check for Protected Audience on https://fastlane.rubiconproject.com failed. @ https://u.gg/lol/champions/darius/build?role=top:0
[   51741ms] [ERROR] Attestation check for Protected Audience on https://direct.adsrvr.org failed. @ https://u.gg/lol/champions/darius/build?role=top:0
[   51741ms] [ERROR] Attestation check for Protected Audience on https://tlx.3lift.com failed. @ https://u.gg/lol/champions/darius/build?role=top:0
[   51741ms] [ERROR] Attestation check for Protected Audience on https://btlr.sharethrough.com failed. @ https://u.gg/lol/champions/darius/build?role=top:0
[   51741ms] [ERROR] Attestation check for Protected Audience on https://hb.yellowblue.io failed. @ https://u.gg/lol/champions/darius/build?role=top:0
[   51741ms] [ERROR] Attestation check for Protected Audience on https://htlb.casalemedia.com failed. @ https://u.gg/lol/champions/darius/build?role=top:0
[   51741ms] [ERROR] Attestation check for Protected Audience on https://krk2.kargo.com failed. @ https://u.gg/lol/champions/darius/build?role=top:0
[   51741ms] [ERROR] Attestation check for Protected Audience on https://rtb.openx.net failed. @ https://u.gg/lol/champions/darius/build?role=top:0
[   51741ms] [ERROR] Attestation check for Protected Audience on https://exchange.cootlogix.com failed. @ https://u.gg/lol/champions/darius/build?role=top:0
[   51741ms] [ERROR] Attestation check for Protected Audience on https://g2.gumgum.com failed. @ https://u.gg/lol/champions/darius/build?role=top:0
[   51741ms] [ERROR] Attestation check for Protected Audience on https://ib.adnxs.com failed. @ https://u.gg/lol/champions/darius/build?role=top:0
[   51742ms] [ERROR] Attestation check for Protected Audience on https://fastlane.rubiconproject.com failed. @ https://u.gg/lol/champions/darius/build?role=top:0
[   51745ms] [ERROR] Attestation check for Protected Audience on https://hbopenbid.pubmatic.com failed. @ https://u.gg/lol/champions/darius/build?role=top:0
[   30938ms] [ERROR] Attestation check for Shared Storage on https://ara.paa-reporting-advertising.amazon failed. @ https://tpc.googlesyndication.com/pagead/js/loader21.html?https://c.amazon-adsystem.com/bao-csm/webvideo/3p/amzn_vpaid_wrapper.js:0
[   54286ms] [ERROR] Failed to load resource: the server responded with a status of 404 () @ https://60d90b86afa0e242ee903484e8b36e0c.safeframe.googlesyndication.com/safeframe/1-0-45/html/mraid.js:0
[   54326ms] [ERROR] Refused to execute script from 'https://60d90b86afa0e242ee903484e8b36e0c.safeframe.googlesyndication.com/safeframe/1-0-45/html/mraid.js' because its MIME type ('text/html') is not executable, and strict MIME type checking is enabled. @ https://60d90b86afa0e242ee903484e8b36e0c.safeframe.googlesyndication.com/safeframe/1-0-45/html/container.html:0
[   54376ms] [ERROR] Attestation check for Shared Storage on https://www.googleadservices.com failed. @ https://www.googleadservices.com/pagead/managed/js/activeview/current/reach_worklet.html:0
[   59172ms] [ERROR] Attestation check for Protected Audience on https://htlb.casalemedia.com failed. @ https://u.gg/lol/champions/darius/build?role=top:0
[   59172ms] [ERROR] Attestation check for Protected Audience on https://direct.adsrvr.org failed. @ https://u.gg/lol/champions/darius/build?role=top:0
[   59172ms] [ERROR] Attestation check for Protected Audience on https://exchange.cootlogix.com failed. @ https://u.gg/lol/champions/darius/build?role=top:0
[   59172ms] [ERROR] Attestation check for Protected Audience on https://rtb.openx.net failed. @ https://u.gg/lol/champions/darius/build?role=top:0
[   59172ms] [ERROR] Attestation check for Protected Audience on https://prebid-server.rubiconproject.com failed. @ https://u.gg/lol/champions/darius/build?role=top:0
[   59172ms] [ERROR] Attestation check for Protected Audience on https://tlx.3lift.com failed. @ https://u.gg/lol/champions/darius/build?role=top:0
[   59172ms] [ERROR] Attestation check for Protected Audience on https://ib.adnxs.com failed. @ https://u.gg/lol/champions/darius/build?role=top:0
[   59172ms] [ERROR] Attestation check for Protected Audience on https://krk2.kargo.com failed. @ https://u.gg/lol/champions/darius/build?role=top:0
[   59172ms] [ERROR] Attestation check for Protected Audience on https://btlr.sharethrough.com failed. @ https://u.gg/lol/champions/darius/build?role=top:0
[   59172ms] [ERROR] Attestation check for Protected Audience on https://hb.yellowblue.io failed. @ https://u.gg/lol/champions/darius/build?role=top:0
[   59174ms] [ERROR] Attestation check for Protected Audience on https://hbopenbid.pubmatic.com failed. @ https://u.gg/lol/champions/darius/build?role=top:0
[   60063ms] [ERROR] Attestation check for Shared Storage on https://securepubads.g.doubleclick.net failed. @ https://imasdk.googleapis.com/js/core/bridge3.753.1_en.html#deid=%22%22&eventfe_experiment_ids=%5B%5D&fid=%22goog_340195399%22&genotype_experiment_data=%7B%22experimentStateProto%22%3A%22%5B%5B%5B45713128%2Cnull%2Cnull%2C%5B%5D%5D%2C%5Bnull%2C745150931%2Cnull%2C%5Bnull%2C1%5D%5D%2C%5Bnull%2C749060184%2Cnull%2C%5Bnull%2C128%5D%5D%2C%5B841585769%2Cnull%2Cnull%2C%5B1%5D%5D%2C%5B45761044%2Cnull%2Cnull%2C%5B%5D%5D%2C%5B45722344%2Cnull%2Cnull%2C%5B%5D%5D%2C%5B45706017%2Cnull%2Cnull%2C%5B1%5D%5D%2C%5B45668885%2Cnull%2Cnull%2C%5B%5D%5D%2C%5B45685340%2Cnull%2Cnull%2C%5B%5D%5D%2C%5B45765927%2Cnull%2Cnull%2C%5B%5D%5D%2C%5B45734716%2Cnull%2Cnull%2C%5B%5D%5D%2C%5B45735891%2Cnull%2Cnull%2C%5B%5D%5D%2C%5B45663239%2Cnull%2Cnull%2C%5B%5D%5D%2C%5B45715032%2Cnull%2Cnull%2C%5B1%5D%5D%2C%5B45661356%2Cnull%2Cnull%2C%5B%5D%5D%2C%5B839547366%2Cnull%2Cnull%2C%5B1%5D%5D%2C%5B45676441%2Cnull%2Cnull%2C%5B%5D%5D%2C%5Bnull%2C45645574%2Cnull%2C%5B%5D%5D%2C%5B45688859%2Cnull%2Cnull%2C%5B%5D%5D%2C%5B45656766%2Cnull%2Cnull%2C%5B%5D%5D%2C%5B45710689%2Cnull%2Cnull%2C%5B%5D%5D%2C%5B45710688%2Cnull%2Cnull%2C%5B1%5D%5D%2C%5B45685601%2Cnull%2Cnull%2C%5B%5D%5D%2C%5Bnull%2C45685602%2Cnull%2C%5Bnull%2C500%5D%5D%2C%5Bnull%2C45767902%2Cnull%2C%5Bnull%2C500%5D%5D%2C%5B45756824%2Cnull%2Cnull%2C%5B%5D%5D%2C%5B45747172%2Cnull%2Cnull%2C%5B%5D%5D%2C%5B775241416%2Cnull%2Cnull%2C%5B%5D%5D%2C%5B781107959%2Cnull%2Cnull%2C%5B%5D%5D%2C%5B781107958%2Cnull%2Cnull%2C%5B%5D%5D%2C%5B792614055%2Cnull%2Cnull%2C%5B%5D%5D%2C%5B781107957%2Cnull%2Cnull%2C%5B%5D%5D%2C%5B45729602%2Cnull%2Cnull%2C%5B%5D%5D%2C%5B45753603%2Cnull%2Cnull%2C%5B%5D%5D%2C%5B45753604%2Cnull%2Cnull%2C%5B%5D%5D%2C%5B45658982%2Cnull%2Cnull%2C%5B%5D%5D%2C%5B45725657%2Cnull%2Cnull%2C%5B%5D%5D%5D%2C%5B%5B16%2C%5B%5B1%2C%5B%5B31089630%5D%2C%5B31089631%2C%5B%5B45668885%2Cnull%2Cnull%2C%5B1%5D%5D%5D%5D%5D%5D%2C%5B1000%2C%5B%5B95332046%5D%5D%5D%2C%5Bnull%2C%5B%5B95332047%5D%5D%5D%2C%5B10%2C%5B%5B95338769%2C%5B%5Bnull%2C45645574%2Cnull%2C%5Bnull%2C1%5D%5D%5D%5D%2C%5B95338770%2C%5B%5Bnull%2C45645574%2Cnull%2C%5Bnull%2C2%5D%5D%5D%5D%5D%5D%2C%5B50%2C%5B%5B95345206%5D%2C%5B95345207%2C%5B%5B45661356%2Cnull%2Cnull%2C%5B1%5D%5D%5D%5D%5D%5D%2C%5B1%2C%5B%5B95351425%5D%2C%5B95351426%2C%5B%5B45676441%2Cnull%2Cnull%2C%5B1%5D%5D%5D%5D%5D%5D%2C%5B20%2C%5B%5B95356068%5D%2C%5B95356069%2C%5B%5B45685601%2Cnull%2Cnull%2C%5B%5D%5D%2C%5Bnull%2C45685602%2Cnull%2C%5B%5D%5D%5D%5D%2C%5B95356070%2C%5B%5B45685601%2Cnull%2Cnull%2C%5B1%5D%5D%2C%5Bnull%2C45685602%2Cnull%2C%5B%5D%5D%5D%5D%2C%5B95356071%2C%5B%5B45685601%2Cnull%2Cnull%2C%5B1%5D%5D%2C%5Bnull%2C45685602%2Cnull%2C%5Bnull%2C100%5D%5D%5D%5D%5D%5D%2C%5B1%2C%5B%5B95373378%2C%5B%5B792614055%2Cnull%2Cnull%2C%5B1%5D%5D%5D%5D%2C%5B95373379%2C%5B%5B45747172%2Cnull%2Cnull%2C%5B1%5D%5D%2C%5B781107959%2Cnull%2Cnull%2C%5B1%5D%5D%2C%5B792614055%2Cnull%2Cnull%2C%5B1%5D%5D%2C%5B781107957%2Cnull%2Cnull%2C%5B1%5D%5D%5D%5D%5D%5D%2C%5B10%2C%5B%5B95378629%5D%2C%5B95378630%2C%5B%5B45729602%2Cnull%2Cnull%2C%5B1%5D%5D%5D%5D%2C%5B95381582%2C%5B%5B45729602%2Cnull%2Cnull%2C%5B1%5D%5D%2C%5B45753603%2Cnull%2Cnull%2C%5B1%5D%5D%5D%5D%2C%5B95381583%2C%5B%5B45729602%2Cnull%2Cnull%2C%5B1%5D%5D%2C%5B45753604%2Cnull%2Cnull%2C%5B1%5D%5D%5D%5D%5D%5D%2C%5B10%2C%5B%5B95382403%5D%2C%5B95386528%2C%5B%5Bnull%2C45767902%2Cnull%2C%5B%5D%5D%2C%5B45756824%2Cnull%2Cnull%2C%5B1%5D%5D%5D%5D%2C%5B95386532%2C%5B%5Bnull%2C45767902%2Cnull%2C%5Bnull%2C100%5D%5D%2C%5B45756824%2Cnull%2Cnull%2C%5B1%5D%5D%5D%5D%2C%5B95386533%2C%5B%5Bnull%2C45767902%2Cnull%2C%5Bnull%2C300%5D%5D%2C%5B45756824%2Cnull%2Cnull%2C%5B1%5D%5D%5D%5D%2C%5B95386534%2C%5B%5Bnull%2C45767902%2Cnull%2C%5Bnull%2C500%5D%5D%2C%5B45756824%2Cnull%2Cnull%2C%5B1%5D%5D%5D%5D%5D%5D%2C%5Bnull%2C%5B%5B95384561%5D%2C%5B95384562%2C%5B%5B846355750%2Cnull%2Cnull%2C%5B1%5D%5D%5D%5D%5D%5D%2C%5B10%2C%5B%5B95385117%5D%2C%5B95385118%2C%5B%5B45761044%2Cnull%2Cnull%2C%5B1%5D%5D%5D%5D%5D%5D%2C%5Bnull%2C%5B%5B95385193%5D%2C%5B95385194%2C%5B%5B45765927%2Cnull%2Cnull%2C%5B1%5D%5D%5D%5D%5D%5D%5D%5D%5D%2Cnull%2Cnull%2C%5Bnull%2C1000%2C1%2C1000%5D%5D%22%7D&imalib_experiments=%5B420706097%2C95322027%2C95331589%2C95332046%5D&is_eap_loader=false&managed_js_experiment_id=0&page_correlator=3557171904293865&pvsid=3615331514204976&top_accessible_page_url=%22https%3A%2F%2Fu.gg%2Flol%2Fchampions%2Fdarius%2Fbuild%3Frole%3Dtop%22:0
[   61264ms] [ERROR] Attestation check for Protected Audience on https://fastlane.rubiconproject.com failed. @ https://u.gg/lol/champions/darius/build?role=top:0
[   61264ms] [ERROR] Attestation check for Protected Audience on https://g2.gumgum.com failed. @ https://u.gg/lol/champions/darius/build?role=top:0
[   65816ms] [ERROR] Attestation check for Protected Audience on https://hb.yellowblue.io failed. @ https://u.gg/lol/champions/darius/build?role=top:0
[   65816ms] [ERROR] Attestation check for Protected Audience on https://exchange.cootlogix.com failed. @ https://u.gg/lol/champions/darius/build?role=top:0
[   65816ms] [ERROR] Attestation check for Protected Audience on https://ib.adnxs.com failed. @ https://u.gg/lol/champions/darius/build?role=top:0
[   65816ms] [ERROR] Attestation check for Protected Audience on https://tlx.3lift.com failed. @ https://u.gg/lol/champions/darius/build?role=top:0
[   65816ms] [ERROR] Attestation check for Protected Audience on https://htlb.casalemedia.com failed. @ https://u.gg/lol/champions/darius/build?role=top:0
[   65816ms] [ERROR] Attestation check for Protected Audience on https://prebid-server.rubiconproject.com failed. @ https://u.gg/lol/champions/darius/build?role=top:0
[   65816ms] [ERROR] Attestation check for Protected Audience on https://rtb.openx.net failed. @ https://u.gg/lol/champions/darius/build?role=top:0
[   65816ms] [ERROR] Attestation check for Protected Audience on https://krk2.kargo.com failed. @ https://u.gg/lol/champions/darius/build?role=top:0
[   65816ms] [ERROR] Attestation check for Protected Audience on https://direct.adsrvr.org failed. @ https://u.gg/lol/champions/darius/build?role=top:0
[   65816ms] [ERROR] Attestation check for Protected Audience on https://btlr.sharethrough.com failed. @ https://u.gg/lol/champions/darius/build?role=top:0
[   65819ms] [ERROR] Attestation check for Protected Audience on https://hbopenbid.pubmatic.com failed. @ https://u.gg/lol/champions/darius/build?role=top:0
[   66739ms] [ERROR] Attestation check for Shared Storage on https://securepubads.g.doubleclick.net failed. @ https://imasdk.googleapis.com/js/core/bridge3.753.1_en.html#deid=%22%22&eventfe_experiment_ids=%5B%5D&fid=%22goog_340195401%22&genotype_experiment_data=%7B%22experimentStateProto%22%3A%22%5B%5B%5B45713128%2Cnull%2Cnull%2C%5B%5D%5D%2C%5Bnull%2C745150931%2Cnull%2C%5Bnull%2C1%5D%5D%2C%5Bnull%2C749060184%2Cnull%2C%5Bnull%2C128%5D%5D%2C%5B841585769%2Cnull%2Cnull%2C%5B1%5D%5D%2C%5B45761044%2Cnull%2Cnull%2C%5B%5D%5D%2C%5B45722344%2Cnull%2Cnull%2C%5B%5D%5D%2C%5B45706017%2Cnull%2Cnull%2C%5B1%5D%5D%2C%5B45668885%2Cnull%2Cnull%2C%5B%5D%5D%2C%5B45685340%2Cnull%2Cnull%2C%5B%5D%5D%2C%5B45765927%2Cnull%2Cnull%2C%5B%5D%5D%2C%5B45734716%2Cnull%2Cnull%2C%5B%5D%5D%2C%5B45735891%2Cnull%2Cnull%2C%5B%5D%5D%2C%5B45663239%2Cnull%2Cnull%2C%5B%5D%5D%2C%5B45715032%2Cnull%2Cnull%2C%5B1%5D%5D%2C%5B45661356%2Cnull%2Cnull%2C%5B%5D%5D%2C%5B839547366%2Cnull%2Cnull%2C%5B1%5D%5D%2C%5B45676441%2Cnull%2Cnull%2C%5B%5D%5D%2C%5Bnull%2C45645574%2Cnull%2C%5B%5D%5D%2C%5B45688859%2Cnull%2Cnull%2C%5B%5D%5D%2C%5B45656766%2Cnull%2Cnull%2C%5B%5D%5D%2C%5B45710689%2Cnull%2Cnull%2C%5B%5D%5D%2C%5B45710688%2Cnull%2Cnull%2C%5B1%5D%5D%2C%5B45685601%2Cnull%2Cnull%2C%5B%5D%5D%2C%5Bnull%2C45685602%2Cnull%2C%5Bnull%2C500%5D%5D%2C%5Bnull%2C45767902%2Cnull%2C%5Bnull%2C500%5D%5D%2C%5B45756824%2Cnull%2Cnull%2C%5B%5D%5D%2C%5B45747172%2Cnull%2Cnull%2C%5B%5D%5D%2C%5B775241416%2Cnull%2Cnull%2C%5B%5D%5D%2C%5B781107959%2Cnull%2Cnull%2C%5B%5D%5D%2C%5B781107958%2Cnull%2Cnull%2C%5B%5D%5D%2C%5B792614055%2Cnull%2Cnull%2C%5B%5D%5D%2C%5B781107957%2Cnull%2Cnull%2C%5B%5D%5D%2C%5B45729602%2Cnull%2Cnull%2C%5B%5D%5D%2C%5B45753603%2Cnull%2Cnull%2C%5B%5D%5D%2C%5B45753604%2Cnull%2Cnull%2C%5B%5D%5D%2C%5B45658982%2Cnull%2Cnull%2C%5B%5D%5D%2C%5B45725657%2Cnull%2Cnull%2C%5B%5D%5D%5D%2C%5B%5B16%2C%5B%5B1%2C%5B%5B31089630%5D%2C%5B31089631%2C%5B%5B45668885%2Cnull%2Cnull%2C%5B1%5D%5D%5D%5D%5D%5D%2C%5B1000%2C%5B%5B95332046%5D%5D%5D%2C%5Bnull%2C%5B%5B95332047%5D%5D%5D%2C%5B10%2C%5B%5B95338769%2C%5B%5Bnull%2C45645574%2Cnull%2C%5Bnull%2C1%5D%5D%5D%5D%2C%5B95338770%2C%5B%5Bnull%2C45645574%2Cnull%2C%5Bnull%2C2%5D%5D%5D%5D%5D%5D%2C%5B50%2C%5B%5B95345206%5D%2C%5B95345207%2C%5B%5B45661356%2Cnull%2Cnull%2C%5B1%5D%5D%5D%5D%5D%5D%2C%5B1%2C%5B%5B95351425%5D%2C%5B95351426%2C%5B%5B45676441%2Cnull%2Cnull%2C%5B1%5D%5D%5D%5D%5D%5D%2C%5B20%2C%5B%5B95356068%5D%2C%5B95356069%2C%5B%5B45685601%2Cnull%2Cnull%2C%5B%5D%5D%2C%5Bnull%2C45685602%2Cnull%2C%5B%5D%5D%5D%5D%2C%5B95356070%2C%5B%5B45685601%2Cnull%2Cnull%2C%5B1%5D%5D%2C%5Bnull%2C45685602%2Cnull%2C%5B%5D%5D%5D%5D%2C%5B95356071%2C%5B%5B45685601%2Cnull%2Cnull%2C%5B1%5D%5D%2C%5Bnull%2C45685602%2Cnull%2C%5Bnull%2C100%5D%5D%5D%5D%5D%5D%2C%5B1%2C%5B%5B95373378%2C%5B%5B792614055%2Cnull%2Cnull%2C%5B1%5D%5D%5D%5D%2C%5B95373379%2C%5B%5B45747172%2Cnull%2Cnull%2C%5B1%5D%5D%2C%5B781107959%2Cnull%2Cnull%2C%5B1%5D%5D%2C%5B792614055%2Cnull%2Cnull%2C%5B1%5D%5D%2C%5B781107957%2Cnull%2Cnull%2C%5B1%5D%5D%5D%5D%5D%5D%2C%5B10%2C%5B%5B95378629%5D%2C%5B95378630%2C%5B%5B45729602%2Cnull%2Cnull%2C%5B1%5D%5D%5D%5D%2C%5B95381582%2C%5B%5B45729602%2Cnull%2Cnull%2C%5B1%5D%5D%2C%5B45753603%2Cnull%2Cnull%2C%5B1%5D%5D%5D%5D%2C%5B95381583%2C%5B%5B45729602%2Cnull%2Cnull%2C%5B1%5D%5D%2C%5B45753604%2Cnull%2Cnull%2C%5B1%5D%5D%5D%5D%5D%5D%2C%5B10%2C%5B%5B95382403%5D%2C%5B95386528%2C%5B%5Bnull%2C45767902%2Cnull%2C%5B%5D%5D%2C%5B45756824%2Cnull%2Cnull%2C%5B1%5D%5D%5D%5D%2C%5B95386532%2C%5B%5Bnull%2C45767902%2Cnull%2C%5Bnull%2C100%5D%5D%2C%5B45756824%2Cnull%2Cnull%2C%5B1%5D%5D%5D%5D%2C%5B95386533%2C%5B%5Bnull%2C45767902%2Cnull%2C%5Bnull%2C300%5D%5D%2C%5B45756824%2Cnull%2Cnull%2C%5B1%5D%5D%5D%5D%2C%5B95386534%2C%5B%5Bnull%2C45767902%2Cnull%2C%5Bnull%2C500%5D%5D%2C%5B45756824%2Cnull%2Cnull%2C%5B1%5D%5D%5D%5D%5D%5D%2C%5Bnull%2C%5B%5B95384561%5D%2C%5B95384562%2C%5B%5B846355750%2Cnull%2Cnull%2C%5B1%5D%5D%5D%5D%5D%5D%2C%5B10%2C%5B%5B95385117%5D%2C%5B95385118%2C%5B%5B45761044%2Cnull%2Cnull%2C%5B1%5D%5D%5D%5D%5D%5D%2C%5Bnull%2C%5B%5B95385193%5D%2C%5B95385194%2C%5B%5B45765927%2Cnull%2Cnull%2C%5B1%5D%5D%5D%5D%5D%5D%5D%5D%5D%2Cnull%2Cnull%2C%5Bnull%2C1000%2C1%2C1000%5D%5D%22%7D&imalib_experiments=%5B420706097%2C95322027%2C95331589%2C95332046%5D&is_eap_loader=false&managed_js_experiment_id=0&page_correlator=2131598263471100&pvsid=3615331514204976&top_accessible_page_url=%22https%3A%2F%2Fu.gg%2Flol%2Fchampions%2Fdarius%2Fbuild%3Frole%3Dtop%22:0
[   30938ms] [ERROR] Attestation check for Shared Storage on https://ara.paa-reporting-advertising.amazon failed. @ https://tpc.googlesyndication.com/pagead/js/loader21.html?https://c.amazon-adsystem.com/bao-csm/webvideo/3p/amzn_vpaid_wrapper.js:0
[   54286ms] [ERROR] Failed to load resource: the server responded with a status of 404 () @ https://60d90b86afa0e242ee903484e8b36e0c.safeframe.googlesyndication.com/safeframe/1-0-45/html/mraid.js:0
[   54326ms] [ERROR] Refused to execute script from 'https://60d90b86afa0e242ee903484e8b36e0c.safeframe.googlesyndication.com/safeframe/1-0-45/html/mraid.js' because its MIME type ('text/html') is not executable, and strict MIME type checking is enabled. @ https://60d90b86afa0e242ee903484e8b36e0c.safeframe.googlesyndication.com/safeframe/1-0-45/html/container.html:0
[   68879ms] [ERROR] Attestation check for Attribution Reporting on https://ara.paa-reporting-advertising.amazon failed. @ https://u.gg/lol/champions/darius/build?role=top:0
[   68880ms] [ERROR] Attestation check for Shared Storage on https://ara.paa-reporting-advertising.amazon failed. @ https://tpc.googlesyndication.com/pagead/js/loader21.html?https://m.media-amazon.com/images/I/3181ANR4pXL.js:0
[   73142ms] [ERROR] Attestation check for Protected Audience on https://exchange.cootlogix.com failed. @ https://u.gg/lol/champions/darius/build?role=top:0
[   73142ms] [ERROR] Attestation check for Protected Audience on https://btlr.sharethrough.com failed. @ https://u.gg/lol/champions/darius/build?role=top:0
[   73142ms] [ERROR] Attestation check for Protected Audience on https://tlx.3lift.com failed. @ https://u.gg/lol/champions/darius/build?role=top:0
[   73142ms] [ERROR] Attestation check for Protected Audience on https://direct.adsrvr.org failed. @ https://u.gg/lol/champions/darius/build?role=top:0
[   73142ms] [ERROR] Attestation check for Protected Audience on https://htlb.casalemedia.com failed. @ https://u.gg/lol/champions/darius/build?role=top:0
[   73142ms] [ERROR] Attestation check for Protected Audience on https://prebid-server.rubiconproject.com failed. @ https://u.gg/lol/champions/darius/build?role=top:0
[   73142ms] [ERROR] Attestation check for Protected Audience on https://krk2.kargo.com failed. @ https://u.gg/lol/champions/darius/build?role=top:0
[   73142ms] [ERROR] Attestation check for Protected Audience on https://rtb.openx.net failed. @ https://u.gg/lol/champions/darius/build?role=top:0
[   73142ms] [ERROR] Attestation check for Protected Audience on https://ib.adnxs.com failed. @ https://u.gg/lol/champions/darius/build?role=top:0
[   73142ms] [ERROR] Attestation check for Protected Audience on https://hb.yellowblue.io failed. @ https://u.gg/lol/champions/darius/build?role=top:0
[   73144ms] [ERROR] Attestation check for Protected Audience on https://hbopenbid.pubmatic.com failed. @ https://u.gg/lol/champions/darius/build?role=top:0
[   73850ms] [ERROR] Attestation check for Shared Storage on https://securepubads.g.doubleclick.net failed. @ https://imasdk.googleapis.com/js/core/bridge3.753.1_en.html#deid=%22%22&eventfe_experiment_ids=%5B%5D&fid=%22goog_340195403%22&genotype_experiment_data=%7B%22experimentStateProto%22%3A%22%5B%5B%5B45713128%2Cnull%2Cnull%2C%5B%5D%5D%2C%5Bnull%2C745150931%2Cnull%2C%5Bnull%2C1%5D%5D%2C%5Bnull%2C749060184%2Cnull%2C%5Bnull%2C128%5D%5D%2C%5B841585769%2Cnull%2Cnull%2C%5B1%5D%5D%2C%5B45761044%2Cnull%2Cnull%2C%5B%5D%5D%2C%5B45722344%2Cnull%2Cnull%2C%5B%5D%5D%2C%5B45706017%2Cnull%2Cnull%2C%5B1%5D%5D%2C%5B45668885%2Cnull%2Cnull%2C%5B%5D%5D%2C%5B45685340%2Cnull%2Cnull%2C%5B%5D%5D%2C%5B45765927%2Cnull%2Cnull%2C%5B%5D%5D%2C%5B45734716%2Cnull%2Cnull%2C%5B%5D%5D%2C%5B45735891%2Cnull%2Cnull%2C%5B%5D%5D%2C%5B45663239%2Cnull%2Cnull%2C%5B%5D%5D%2C%5B45715032%2Cnull%2Cnull%2C%5B1%5D%5D%2C%5B45661356%2Cnull%2Cnull%2C%5B%5D%5D%2C%5B839547366%2Cnull%2Cnull%2C%5B1%5D%5D%2C%5B45676441%2Cnull%2Cnull%2C%5B%5D%5D%2C%5Bnull%2C45645574%2Cnull%2C%5B%5D%5D%2C%5B45688859%2Cnull%2Cnull%2C%5B%5D%5D%2C%5B45656766%2Cnull%2Cnull%2C%5B%5D%5D%2C%5B45710689%2Cnull%2Cnull%2C%5B%5D%5D%2C%5B45710688%2Cnull%2Cnull%2C%5B1%5D%5D%2C%5B45685601%2Cnull%2Cnull%2C%5B%5D%5D%2C%5Bnull%2C45685602%2Cnull%2C%5Bnull%2C500%5D%5D%2C%5Bnull%2C45767902%2Cnull%2C%5Bnull%2C500%5D%5D%2C%5B45756824%2Cnull%2Cnull%2C%5B%5D%5D%2C%5B45747172%2Cnull%2Cnull%2C%5B%5D%5D%2C%5B775241416%2Cnull%2Cnull%2C%5B%5D%5D%2C%5B781107959%2Cnull%2Cnull%2C%5B%5D%5D%2C%5B781107958%2Cnull%2Cnull%2C%5B%5D%5D%2C%5B792614055%2Cnull%2Cnull%2C%5B%5D%5D%2C%5B781107957%2Cnull%2Cnull%2C%5B%5D%5D%2C%5B45729602%2Cnull%2Cnull%2C%5B%5D%5D%2C%5B45753603%2Cnull%2Cnull%2C%5B%5D%5D%2C%5B45753604%2Cnull%2Cnull%2C%5B%5D%5D%2C%5B45658982%2Cnull%2Cnull%2C%5B%5D%5D%2C%5B45725657%2Cnull%2Cnull%2C%5B%5D%5D%5D%2C%5B%5B16%2C%5B%5B1%2C%5B%5B31089630%5D%2C%5B31089631%2C%5B%5B45668885%2Cnull%2Cnull%2C%5B1%5D%5D%5D%5D%5D%5D%2C%5B1000%2C%5B%5B95332046%5D%5D%5D%2C%5Bnull%2C%5B%5B95332047%5D%5D%5D%2C%5B10%2C%5B%5B95338769%2C%5B%5Bnull%2C45645574%2Cnull%2C%5Bnull%2C1%5D%5D%5D%5D%2C%5B95338770%2C%5B%5Bnull%2C45645574%2Cnull%2C%5Bnull%2C2%5D%5D%5D%5D%5D%5D%2C%5B50%2C%5B%5B95345206%5D%2C%5B95345207%2C%5B%5B45661356%2Cnull%2Cnull%2C%5B1%5D%5D%5D%5D%5D%5D%2C%5B1%2C%5B%5B95351425%5D%2C%5B95351426%2C%5B%5B45676441%2Cnull%2Cnull%2C%5B1%5D%5D%5D%5D%5D%5D%2C%5B20%2C%5B%5B95356068%5D%2C%5B95356069%2C%5B%5B45685601%2Cnull%2Cnull%2C%5B%5D%5D%2C%5Bnull%2C45685602%2Cnull%2C%5B%5D%5D%5D%5D%2C%5B95356070%2C%5B%5B45685601%2Cnull%2Cnull%2C%5B1%5D%5D%2C%5Bnull%2C45685602%2Cnull%2C%5B%5D%5D%5D%5D%2C%5B95356071%2C%5B%5B45685601%2Cnull%2Cnull%2C%5B1%5D%5D%2C%5Bnull%2C45685602%2Cnull%2C%5Bnull%2C100%5D%5D%5D%5D%5D%5D%2C%5B1%2C%5B%5B95373378%2C%5B%5B792614055%2Cnull%2Cnull%2C%5B1%5D%5D%5D%5D%2C%5B95373379%2C%5B%5B45747172%2Cnull%2Cnull%2C%5B1%5D%5D%2C%5B781107959%2Cnull%2Cnull%2C%5B1%5D%5D%2C%5B792614055%2Cnull%2Cnull%2C%5B1%5D%5D%2C%5B781107957%2Cnull%2Cnull%2C%5B1%5D%5D%5D%5D%5D%5D%2C%5B10%2C%5B%5B95378629%5D%2C%5B95378630%2C%5B%5B45729602%2Cnull%2Cnull%2C%5B1%5D%5D%5D%5D%2C%5B95381582%2C%5B%5B45729602%2Cnull%2Cnull%2C%5B1%5D%5D%2C%5B45753603%2Cnull%2Cnull%2C%5B1%5D%5D%5D%5D%2C%5B95381583%2C%5B%5B45729602%2Cnull%2Cnull%2C%5B1%5D%5D%2C%5B45753604%2Cnull%2Cnull%2C%5B1%5D%5D%5D%5D%5D%5D%2C%5B10%2C%5B%5B95382403%5D%2C%5B95386528%2C%5B%5Bnull%2C45767902%2Cnull%2C%5B%5D%5D%2C%5B45756824%2Cnull%2Cnull%2C%5B1%5D%5D%5D%5D%2C%5B95386532%2C%5B%5Bnull%2C45767902%2Cnull%2C%5Bnull%2C100%5D%5D%2C%5B45756824%2Cnull%2Cnull%2C%5B1%5D%5D%5D%5D%2C%5B95386533%2C%5B%5Bnull%2C45767902%2Cnull%2C%5Bnull%2C300%5D%5D%2C%5B45756824%2Cnull%2Cnull%2C%5B1%5D%5D%5D%5D%2C%5B95386534%2C%5B%5Bnull%2C45767902%2Cnull%2C%5Bnull%2C500%5D%5D%2C%5B45756824%2Cnull%2Cnull%2C%5B1%5D%5D%5D%5D%5D%5D%2C%5Bnull%2C%5B%5B95384561%5D%2C%5B95384562%2C%5B%5B846355750%2Cnull%2Cnull%2C%5B1%5D%5D%5D%5D%5D%5D%2C%5B10%2C%5B%5B95385117%5D%2C%5B95385118%2C%5B%5B45761044%2Cnull%2Cnull%2C%5B1%5D%5D%5D%5D%5D%5D%2C%5Bnull%2C%5B%5B95385193%5D%2C%5B95385194%2C%5B%5B45765927%2Cnull%2Cnull%2C%5B1%5D%5D%5D%5D%5D%5D%5D%5D%5D%2Cnull%2Cnull%2C%5Bnull%2C1000%2C1%2C1000%5D%5D%22%7D&imalib_experiments=%5B420706097%2C95322027%2C95331589%2C95332046%5D&is_eap_loader=false&managed_js_experiment_id=0&page_correlator=214381482488358&pvsid=3615331514204976&top_accessible_page_url=%22https%3A%2F%2Fu.gg%2Flol%2Fchampions%2Fdarius%2Fbuild%3Frole%3Dtop%22:0
[   77296ms] [ERROR] Attestation check for Protected Audience on https://krk2.kargo.com failed. @ https://u.gg/lol/champions/darius/build?role=top:0
[   77296ms] [ERROR] Attestation check for Protected Audience on https://tlx.3lift.com failed. @ https://u.gg/lol/champions/darius/build?role=top:0
[   77296ms] [ERROR] Attestation check for Protected Audience on https://g2.gumgum.com failed. @ https://u.gg/lol/champions/darius/build?role=top:0
[   77296ms] [ERROR] Attestation check for Protected Audience on https://htlb.casalemedia.com failed. @ https://u.gg/lol/champions/darius/build?role=top:0
[   77296ms] [ERROR] Attestation check for Protected Audience on https://direct.adsrvr.org failed. @ https://u.gg/lol/champions/darius/build?role=top:0
[   77296ms] [ERROR] Attestation check for Protected Audience on https://rtb.openx.net failed. @ https://u.gg/lol/champions/darius/build?role=top:0
[   77296ms] [ERROR] Attestation check for Protected Audience on https://exchange.cootlogix.com failed. @ https://u.gg/lol/champions/darius/build?role=top:0
[   77296ms] [ERROR] Attestation check for Protected Audience on https://fastlane.rubiconproject.com failed. @ https://u.gg/lol/champions/darius/build?role=top:0
[   77296ms] [ERROR] Attestation check for Protected Audience on https://btlr.sharethrough.com failed. @ https://u.gg/lol/champions/darius/build?role=top:0
[   77296ms] [ERROR] Attestation check for Protected Audience on https://ib.adnxs.com failed. @ https://u.gg/lol/champions/darius/build?role=top:0
[   77296ms] [ERROR] Attestation check for Protected Audience on https://hb.yellowblue.io failed. @ https://u.gg/lol/champions/darius/build?role=top:0
[   77362ms] [ERROR] Attestation check for Protected Audience on https://hbopenbid.pubmatic.com failed. @ https://u.gg/lol/champions/darius/build?role=top:0
[   79410ms] [ERROR] Attestation check for Protected Audience on https://btlr.sharethrough.com failed. @ https://u.gg/lol/champions/darius/build?role=top:0
[   79410ms] [ERROR] Attestation check for Protected Audience on https://htlb.casalemedia.com failed. @ https://u.gg/lol/champions/darius/build?role=top:0
[   79410ms] [ERROR] Attestation check for Protected Audience on https://hb.yellowblue.io failed. @ https://u.gg/lol/champions/darius/build?role=top:0
[   79410ms] [ERROR] Attestation check for Protected Audience on https://direct.adsrvr.org failed. @ https://u.gg/lol/champions/darius/build?role=top:0
[   79410ms] [ERROR] Attestation check for Protected Audience on https://rtb.openx.net failed. @ https://u.gg/lol/champions/darius/build?role=top:0
[   79410ms] [ERROR] Attestation check for Protected Audience on https://prebid-server.rubiconproject.com failed. @ https://u.gg/lol/champions/darius/build?role=top:0
[   79410ms] [ERROR] Attestation check for Protected Audience on https://exchange.cootlogix.com failed. @ https://u.gg/lol/champions/darius/build?role=top:0
[   79410ms] [ERROR] Attestation check for Protected Audience on https://ib.adnxs.com failed. @ https://u.gg/lol/champions/darius/build?role=top:0
[   79410ms] [ERROR] Attestation check for Protected Audience on https://krk2.kargo.com failed. @ https://u.gg/lol/champions/darius/build?role=top:0
[   79410ms] [ERROR] Attestation check for Protected Audience on https://tlx.3lift.com failed. @ https://u.gg/lol/champions/darius/build?role=top:0
[   30938ms] [ERROR] Attestation check for Shared Storage on https://ara.paa-reporting-advertising.amazon failed. @ https://tpc.googlesyndication.com/pagead/js/loader21.html?https://c.amazon-adsystem.com/bao-csm/webvideo/3p/amzn_vpaid_wrapper.js:0
[   54286ms] [ERROR] Failed to load resource: the server responded with a status of 404 () @ https://60d90b86afa0e242ee903484e8b36e0c.safeframe.googlesyndication.com/safeframe/1-0-45/html/mraid.js:0
[   54326ms] [ERROR] Refused to execute script from 'https://60d90b86afa0e242ee903484e8b36e0c.safeframe.googlesyndication.com/safeframe/1-0-45/html/mraid.js' because its MIME type ('text/html') is not executable, and strict MIME type checking is enabled. @ https://60d90b86afa0e242ee903484e8b36e0c.safeframe.googlesyndication.com/safeframe/1-0-45/html/container.html:0
[   68880ms] [ERROR] Attestation check for Shared Storage on https://ara.paa-reporting-advertising.amazon failed. @ https://tpc.googlesyndication.com/pagead/js/loader21.html?https://m.media-amazon.com/images/I/3181ANR4pXL.js:0
[   79464ms] [ERROR] Attestation check for Protected Audience on https://hbopenbid.pubmatic.com failed. @ https://u.gg/lol/champions/darius/build?role=top:0
[   79634ms] [ERROR] Attestation check for Shared Storage on https://www.googleadservices.com failed. @ https://www.googleadservices.com/pagead/managed/js/activeview/current/reach_worklet.html:0
[   80309ms] [ERROR] Attestation check for Shared Storage on https://securepubads.g.doubleclick.net failed. @ https://imasdk.googleapis.com/js/core/bridge3.753.1_en.html#deid=%22%22&eventfe_experiment_ids=%5B%5D&fid=%22goog_340195405%22&genotype_experiment_data=%7B%22experimentStateProto%22%3A%22%5B%5B%5B45713128%2Cnull%2Cnull%2C%5B%5D%5D%2C%5Bnull%2C745150931%2Cnull%2C%5Bnull%2C1%5D%5D%2C%5Bnull%2C749060184%2Cnull%2C%5Bnull%2C128%5D%5D%2C%5B841585769%2Cnull%2Cnull%2C%5B1%5D%5D%2C%5B45761044%2Cnull%2Cnull%2C%5B%5D%5D%2C%5B45722344%2Cnull%2Cnull%2C%5B%5D%5D%2C%5B45706017%2Cnull%2Cnull%2C%5B1%5D%5D%2C%5B45668885%2Cnull%2Cnull%2C%5B%5D%5D%2C%5B45685340%2Cnull%2Cnull%2C%5B%5D%5D%2C%5B45765927%2Cnull%2Cnull%2C%5B%5D%5D%2C%5B45734716%2Cnull%2Cnull%2C%5B%5D%5D%2C%5B45735891%2Cnull%2Cnull%2C%5B%5D%5D%2C%5B45663239%2Cnull%2Cnull%2C%5B%5D%5D%2C%5B45715032%2Cnull%2Cnull%2C%5B1%5D%5D%2C%5B45661356%2Cnull%2Cnull%2C%5B%5D%5D%2C%5B839547366%2Cnull%2Cnull%2C%5B1%5D%5D%2C%5B45676441%2Cnull%2Cnull%2C%5B%5D%5D%2C%5Bnull%2C45645574%2Cnull%2C%5B%5D%5D%2C%5B45688859%2Cnull%2Cnull%2C%5B%5D%5D%2C%5B45656766%2Cnull%2Cnull%2C%5B%5D%5D%2C%5B45710689%2Cnull%2Cnull%2C%5B%5D%5D%2C%5B45710688%2Cnull%2Cnull%2C%5B1%5D%5D%2C%5B45685601%2Cnull%2Cnull%2C%5B%5D%5D%2C%5Bnull%2C45685602%2Cnull%2C%5Bnull%2C500%5D%5D%2C%5Bnull%2C45767902%2Cnull%2C%5Bnull%2C500%5D%5D%2C%5B45756824%2Cnull%2Cnull%2C%5B%5D%5D%2C%5B45747172%2Cnull%2Cnull%2C%5B%5D%5D%2C%5B775241416%2Cnull%2Cnull%2C%5B%5D%5D%2C%5B781107959%2Cnull%2Cnull%2C%5B%5D%5D%2C%5B781107958%2Cnull%2Cnull%2C%5B%5D%5D%2C%5B792614055%2Cnull%2Cnull%2C%5B%5D%5D%2C%5B781107957%2Cnull%2Cnull%2C%5B%5D%5D%2C%5B45729602%2Cnull%2Cnull%2C%5B%5D%5D%2C%5B45753603%2Cnull%2Cnull%2C%5B%5D%5D%2C%5B45753604%2Cnull%2Cnull%2C%5B%5D%5D%2C%5B45658982%2Cnull%2Cnull%2C%5B%5D%5D%2C%5B45725657%2Cnull%2Cnull%2C%5B%5D%5D%5D%2C%5B%5B16%2C%5B%5B1%2C%5B%5B31089630%5D%2C%5B31089631%2C%5B%5B45668885%2Cnull%2Cnull%2C%5B1%5D%5D%5D%5D%5D%5D%2C%5B1000%2C%5B%5B95332046%5D%5D%5D%2C%5Bnull%2C%5B%5B95332047%5D%5D%5D%2C%5B10%2C%5B%5B95338769%2C%5B%5Bnull%2C45645574%2Cnull%2C%5Bnull%2C1%5D%5D%5D%5D%2C%5B95338770%2C%5B%5Bnull%2C45645574%2Cnull%2C%5Bnull%2C2%5D%5D%5D%5D%5D%5D%2C%5B50%2C%5B%5B95345206%5D%2C%5B95345207%2C%5B%5B45661356%2Cnull%2Cnull%2C%5B1%5D%5D%5D%5D%5D%5D%2C%5B1%2C%5B%5B95351425%5D%2C%5B95351426%2C%5B%5B45676441%2Cnull%2Cnull%2C%5B1%5D%5D%5D%5D%5D%5D%2C%5B20%2C%5B%5B95356068%5D%2C%5B95356069%2C%5B%5B45685601%2Cnull%2Cnull%2C%5B%5D%5D%2C%5Bnull%2C45685602%2Cnull%2C%5B%5D%5D%5D%5D%2C%5B95356070%2C%5B%5B45685601%2Cnull%2Cnull%2C%5B1%5D%5D%2C%5Bnull%2C45685602%2Cnull%2C%5B%5D%5D%5D%5D%2C%5B95356071%2C%5B%5B45685601%2Cnull%2Cnull%2C%5B1%5D%5D%2C%5Bnull%2C45685602%2Cnull%2C%5Bnull%2C100%5D%5D%5D%5D%5D%5D%2C%5B1%2C%5B%5B95373378%2C%5B%5B792614055%2Cnull%2Cnull%2C%5B1%5D%5D%5D%5D%2C%5B95373379%2C%5B%5B45747172%2Cnull%2Cnull%2C%5B1%5D%5D%2C%5B781107959%2Cnull%2Cnull%2C%5B1%5D%5D%2C%5B792614055%2Cnull%2Cnull%2C%5B1%5D%5D%2C%5B781107957%2Cnull%2Cnull%2C%5B1%5D%5D%5D%5D%5D%5D%2C%5B10%2C%5B%5B95378629%5D%2C%5B95378630%2C%5B%5B45729602%2Cnull%2Cnull%2C%5B1%5D%5D%5D%5D%2C%5B95381582%2C%5B%5B45729602%2Cnull%2Cnull%2C%5B1%5D%5D%2C%5B45753603%2Cnull%2Cnull%2C%5B1%5D%5D%5D%5D%2C%5B95381583%2C%5B%5B45729602%2Cnull%2Cnull%2C%5B1%5D%5D%2C%5B45753604%2Cnull%2Cnull%2C%5B1%5D%5D%5D%5D%5D%5D%2C%5B10%2C%5B%5B95382403%5D%2C%5B95386528%2C%5B%5Bnull%2C45767902%2Cnull%2C%5B%5D%5D%2C%5B45756824%2Cnull%2Cnull%2C%5B1%5D%5D%5D%5D%2C%5B95386532%2C%5B%5Bnull%2C45767902%2Cnull%2C%5Bnull%2C100%5D%5D%2C%5B45756824%2Cnull%2Cnull%2C%5B1%5D%5D%5D%5D%2C%5B95386533%2C%5B%5Bnull%2C45767902%2Cnull%2C%5Bnull%2C300%5D%5D%2C%5B45756824%2Cnull%2Cnull%2C%5B1%5D%5D%5D%5D%2C%5B95386534%2C%5B%5Bnull%2C45767902%2Cnull%2C%5Bnull%2C500%5D%5D%2C%5B45756824%2Cnull%2Cnull%2C%5B1%5D%5D%5D%5D%5D%5D%2C%5Bnull%2C%5B%5B95384561%5D%2C%5B95384562%2C%5B%5B846355750%2Cnull%2Cnull%2C%5B1%5D%5D%5D%5D%5D%5D%2C%5B10%2C%5B%5B95385117%5D%2C%5B95385118%2C%5B%5B45761044%2Cnull%2Cnull%2C%5B1%5D%5D%5D%5D%5D%5D%2C%5Bnull%2C%5B%5B95385193%5D%2C%5B95385194%2C%5B%5B45765927%2Cnull%2Cnull%2C%5B1%5D%5D%5D%5D%5D%5D%5D%5D%5D%2Cnull%2Cnull%2C%5Bnull%2C1000%2C1%2C1000%5D%5D%22%7D&imalib_experiments=%5B420706097%2C95322027%2C95331589%2C95332046%5D&is_eap_loader=false&managed_js_experiment_id=0&page_correlator=1081295825010352&pvsid=3615331514204976&top_accessible_page_url=%22https%3A%2F%2Fu.gg%2Flol%2Fchampions%2Fdarius%2Fbuild%3Frole%3Dtop%22:0
[   30938ms] [ERROR] Attestation check for Shared Storage on https://ara.paa-reporting-advertising.amazon failed. @ https://tpc.googlesyndication.com/pagead/js/loader21.html?https://c.amazon-adsystem.com/bao-csm/webvideo/3p/amzn_vpaid_wrapper.js:0
[   54286ms] [ERROR] Failed to load resource: the server responded with a status of 404 () @ https://60d90b86afa0e242ee903484e8b36e0c.safeframe.googlesyndication.com/safeframe/1-0-45/html/mraid.js:0
[   54326ms] [ERROR] Refused to execute script from 'https://60d90b86afa0e242ee903484e8b36e0c.safeframe.googlesyndication.com/safeframe/1-0-45/html/mraid.js' because its MIME type ('text/html') is not executable, and strict MIME type checking is enabled. @ https://60d90b86afa0e242ee903484e8b36e0c.safeframe.googlesyndication.com/safeframe/1-0-45/html/container.html:0
[   68880ms] [ERROR] Attestation check for Shared Storage on https://ara.paa-reporting-advertising.amazon failed. @ https://tpc.googlesyndication.com/pagead/js/loader21.html?https://m.media-amazon.com/images/I/3181ANR4pXL.js:0
[   82448ms] [ERROR] Attestation check for Attribution Reporting on https://ara.paa-reporting-advertising.amazon failed. @ https://u.gg/lol/champions/darius/build?role=top:0
[   82449ms] [ERROR] Attestation check for Shared Storage on https://ara.paa-reporting-advertising.amazon failed. @ https://tpc.googlesyndication.com/pagead/js/loader21.html?https://m.media-amazon.com/images/I/3181ANR4pXL.js:0
